#
# There is insufficient memory for the Java Runtime Environment to continue.
# Native memory allocation (malloc) failed to allocate 925136 bytes. Error detail: Chunk::new
# Possible reasons:
#   The system is out of physical RAM or swap space
#   This process is running with CompressedOops enabled, and the Java Heap may be blocking the growth of the native heap
# Possible solutions:
#   Reduce memory load on the system
#   Increase physical memory or swap space
#   Check if swap backing store is full
#   Decrease Java heap size (-Xmx/-Xms)
#   Decrease number of Java threads
#   Decrease Java thread stack sizes (-Xss)
#   Set larger code cache with -XX:ReservedCodeCacheSize=
#   JVM is running with Unscaled Compressed Oops mode in which the Java heap is
#     placed in the first 4GB address space. The Java Heap base address is the
#     maximum limit for the native heap growth. Please use -XX:HeapBaseMinAddress
#     to set the Java Heap base and to place the Java Heap above 4GB virtual address.
# This output file may be truncated or incomplete.
#
#  Out of Memory Error (arena.cpp:168), pid=11304, tid=17332
#
# JRE version: OpenJDK Runtime Environment (21.0.5) (build 21.0.5+-12932927-b750.29)
# Java VM: OpenJDK 64-Bit Server VM (21.0.5+-12932927-b750.29, mixed mode, tiered, compressed oops, compressed class ptrs, g1 gc, windows-amd64)
# No core dump will be written. Minidumps are not enabled by default on client versions of Windows
#

---------------  S U M M A R Y ------------

Command Line: --add-opens=java.base/java.util=ALL-UNNAMED --add-opens=java.base/java.lang=ALL-UNNAMED --add-opens=java.base/java.lang.invoke=ALL-UNNAMED --add-opens=java.prefs/java.util.prefs=ALL-UNNAMED --add-exports=jdk.compiler/com.sun.tools.javac.api=ALL-UNNAMED --add-exports=jdk.compiler/com.sun.tools.javac.util=ALL-UNNAMED --add-opens=java.base/java.nio.charset=ALL-UNNAMED --add-opens=java.base/java.net=ALL-UNNAMED --add-opens=java.base/java.util.concurrent.atomic=ALL-UNNAMED -Xmx2048m -Dfile.encoding=UTF-8 -Duser.country=RU -Duser.language=ru -Duser.variant -javaagent:C:\Users\Bikmacs\.gradle\wrapper\dists\gradle-8.10.2-bin\a04bxjujx95o3nb99gddekhwo\gradle-8.10.2\lib\agents\gradle-instrumentation-agent-8.10.2.jar org.gradle.launcher.daemon.bootstrap.GradleDaemon 8.10.2

Host: AMD Ryzen 5 5600H with Radeon Graphics         , 12 cores, 15G,  Windows 11 , 64 bit Build 26100 (10.0.26100.3323)
Time: Sat Mar 15 12:12:54 2025 RTZ 4 (s 11 , 64 bit Build 26100 (10.0.26100.3323) elapsed time: 8.764739 seconds (0d 0h 0m 8s)

---------------  T H R E A D  ---------------

Current thread (0x0000027f979d3b60):  JavaThread "C2 CompilerThread1" daemon [_thread_in_native, id=17332, stack(0x000000aae2f00000,0x000000aae3000000) (1024K)]


Current CompileTask:
C2:8764 8358       4       java.util.regex.Pattern::compile (537 bytes)

Stack: [0x000000aae2f00000,0x000000aae3000000]
Native frames: (J=compiled Java code, j=interpreted, Vv=VM code, C=native code)
V  [jvm.dll+0x6cfb29]
V  [jvm.dll+0x85ded3]
V  [jvm.dll+0x86042e]
V  [jvm.dll+0x860b13]
V  [jvm.dll+0x27e6b6]
V  [jvm.dll+0xbff6d]
V  [jvm.dll+0xc04a3]
V  [jvm.dll+0x3b5fc1]
V  [jvm.dll+0x381f97]
V  [jvm.dll+0x38140a]
V  [jvm.dll+0x247c62]
V  [jvm.dll+0x247231]
V  [jvm.dll+0x1c5ee4]
V  [jvm.dll+0x25697c]
V  [jvm.dll+0x254ec6]
V  [jvm.dll+0x3f0ce6]
V  [jvm.dll+0x806368]
V  [jvm.dll+0x6ce3fd]
C  [ucrtbase.dll+0x37b0]
C  [KERNEL32.DLL+0x2e8d7]
C  [ntdll.dll+0xbbf6c]


---------------  P R O C E S S  ---------------

Threads class SMR info:
_java_thread_list=0x0000027f9d433770, length=67, elements={
0x0000027ffd879570, 0x0000027f979a92a0, 0x0000027f979ac4a0, 0x0000027f97998200,
0x0000027f9798cbe0, 0x0000027f9798d9e0, 0x0000027f9798f910, 0x0000027f979bd630,
0x0000027f979d6440, 0x0000027f97823270, 0x0000027f97c58330, 0x0000027f9d62abb0,
0x0000027f9cdb84a0, 0x0000027f9d428980, 0x0000027f9f0601d0, 0x0000027f9f060830,
0x0000027f9f03d830, 0x0000027f9d1fd9f0, 0x0000027f9d438de0, 0x0000027f9e02daf0,
0x0000027f9e02f530, 0x0000027f9e0308e0, 0x0000027f9e02e180, 0x0000027f9e02eea0,
0x0000027f979d3b60, 0x0000027f9e02e810, 0x0000027f9e02fbc0, 0x0000027f9e030250,
0x0000027f9e030f70, 0x0000027fa0707420, 0x0000027fa07094f0, 0x0000027fa0708140,
0x0000027fa070a210, 0x0000027f979d71e0, 0x0000027fa070d000, 0x0000027fa070af30,
0x0000027fa070e3b0, 0x0000027fa070b5c0, 0x0000027fa070d690, 0x0000027fa070bc50,
0x0000027fa070dd20, 0x0000027fa070c970, 0x0000027fa070c2e0, 0x0000027f9d276370,
0x0000027f9d276a00, 0x0000027f9d277090, 0x0000027f9d278440, 0x0000027f9d279160,
0x0000027f9d277720, 0x0000027f9d277db0, 0x0000027f9d278ad0, 0x0000027f9d275ce0,
0x0000027f9d27cc70, 0x0000027f9d2797f0, 0x0000027f9d27b8c0, 0x0000027f9d27bf50,
0x0000027f9d27aba0, 0x0000027f9d27c5e0, 0x0000027f9d27b230, 0x0000027f9d27d300,
0x0000027f9d27a510, 0x0000027f9d279e80, 0x0000027f9e9f9fd0, 0x0000027f9e9f9940,
0x0000027f9e9fba10, 0x0000027f9e9f8c20, 0x0000027f9e9fc730
}

Java Threads: ( => current thread )
  0x0000027ffd879570 JavaThread "main"                              [_thread_blocked, id=13352, stack(0x000000aae0500000,0x000000aae0600000) (1024K)]
  0x0000027f979a92a0 JavaThread "Reference Handler"          daemon [_thread_blocked, id=4136, stack(0x000000aae0d00000,0x000000aae0e00000) (1024K)]
  0x0000027f979ac4a0 JavaThread "Finalizer"                  daemon [_thread_blocked, id=14688, stack(0x000000aae0e00000,0x000000aae0f00000) (1024K)]
  0x0000027f97998200 JavaThread "Signal Dispatcher"          daemon [_thread_blocked, id=5860, stack(0x000000aae0f00000,0x000000aae1000000) (1024K)]
  0x0000027f9798cbe0 JavaThread "Attach Listener"            daemon [_thread_blocked, id=4584, stack(0x000000aae1000000,0x000000aae1100000) (1024K)]
  0x0000027f9798d9e0 JavaThread "Service Thread"             daemon [_thread_blocked, id=10380, stack(0x000000aae1100000,0x000000aae1200000) (1024K)]
  0x0000027f9798f910 JavaThread "Monitor Deflation Thread"   daemon [_thread_blocked, id=21040, stack(0x000000aae1200000,0x000000aae1300000) (1024K)]
  0x0000027f979bd630 JavaThread "C2 CompilerThread0"         daemon [_thread_in_native, id=10244, stack(0x000000aae1300000,0x000000aae1400000) (1024K)]
  0x0000027f979d6440 JavaThread "C1 CompilerThread0"         daemon [_thread_blocked, id=15816, stack(0x000000aae1400000,0x000000aae1500000) (1024K)]
  0x0000027f97823270 JavaThread "Common-Cleaner"             daemon [_thread_blocked, id=10848, stack(0x000000aae1500000,0x000000aae1600000) (1024K)]
  0x0000027f97c58330 JavaThread "Notification Thread"        daemon [_thread_blocked, id=14652, stack(0x000000aae1600000,0x000000aae1700000) (1024K)]
  0x0000027f9d62abb0 JavaThread "Daemon health stats"               [_thread_blocked, id=19912, stack(0x000000aae2100000,0x000000aae2200000) (1024K)]
  0x0000027f9cdb84a0 JavaThread "Incoming local TCP Connector on port 58558"        [_thread_in_native, id=8340, stack(0x000000aae2200000,0x000000aae2300000) (1024K)]
  0x0000027f9d428980 JavaThread "Daemon periodic checks"            [_thread_blocked, id=19184, stack(0x000000aae2300000,0x000000aae2400000) (1024K)]
  0x0000027f9f0601d0 JavaThread "Daemon"                            [_thread_blocked, id=1300, stack(0x000000aae2400000,0x000000aae2500000) (1024K)]
  0x0000027f9f060830 JavaThread "Handler for socket connection from /127.0.0.1:58558 to /127.0.0.1:58559"        [_thread_in_native, id=13888, stack(0x000000aae2500000,0x000000aae2600000) (1024K)]
  0x0000027f9f03d830 JavaThread "Cancel handler"                    [_thread_blocked, id=4384, stack(0x000000aae2600000,0x000000aae2700000) (1024K)]
  0x0000027f9d1fd9f0 JavaThread "Daemon worker"                     [_thread_in_native, id=1984, stack(0x000000aae2700000,0x000000aae2800000) (1024K)]
  0x0000027f9d438de0 JavaThread "Asynchronous log dispatcher for DefaultDaemonConnection: socket connection from /127.0.0.1:58558 to /127.0.0.1:58559"        [_thread_blocked, id=9524, stack(0x000000aae2800000,0x000000aae2900000) (1024K)]
  0x0000027f9e02daf0 JavaThread "Stdin handler"                     [_thread_blocked, id=19688, stack(0x000000aae2900000,0x000000aae2a00000) (1024K)]
  0x0000027f9e02f530 JavaThread "Daemon client event forwarder"        [_thread_blocked, id=20956, stack(0x000000aae2a00000,0x000000aae2b00000) (1024K)]
  0x0000027f9e0308e0 JavaThread "Cache worker for journal cache (C:\Users\Bikmacs\.gradle\caches\journal-1)"        [_thread_blocked, id=12704, stack(0x000000aae2c00000,0x000000aae2d00000) (1024K)]
  0x0000027f9e02e180 JavaThread "File lock request listener"        [_thread_in_native, id=11868, stack(0x000000aae2d00000,0x000000aae2e00000) (1024K)]
  0x0000027f9e02eea0 JavaThread "Cache worker for file hash cache (C:\Users\Bikmacs\.gradle\caches\8.10.2\fileHashes)"        [_thread_blocked, id=9724, stack(0x000000aae2e00000,0x000000aae2f00000) (1024K)]
=>0x0000027f979d3b60 JavaThread "C2 CompilerThread1"         daemon [_thread_in_native, id=17332, stack(0x000000aae2f00000,0x000000aae3000000) (1024K)]
  0x0000027f9e02e810 JavaThread "Cache worker for file hash cache (C:\Xamarinchik\q\ShemelvMK_01_03\.gradle\8.10.2\fileHashes)"        [_thread_blocked, id=1508, stack(0x000000aae3100000,0x000000aae3200000) (1024K)]
  0x0000027f9e02fbc0 JavaThread "Cache worker for Build Output Cleanup Cache (C:\Xamarinchik\q\ShemelvMK_01_03\.gradle\buildOutputCleanup)"        [_thread_blocked, id=2704, stack(0x000000aae3200000,0x000000aae3300000) (1024K)]
  0x0000027f9e030250 JavaThread "File watcher server"        daemon [_thread_in_native, id=16448, stack(0x000000aae3300000,0x000000aae3400000) (1024K)]
  0x0000027f9e030f70 JavaThread "File watcher consumer"      daemon [_thread_blocked, id=10812, stack(0x000000aae3400000,0x000000aae3500000) (1024K)]
  0x0000027fa0707420 JavaThread "Cache worker for checksums cache (C:\Xamarinchik\q\ShemelvMK_01_03\.gradle\8.10.2\checksums)"        [_thread_blocked, id=14628, stack(0x000000aae3500000,0x000000aae3600000) (1024K)]
  0x0000027fa07094f0 JavaThread "Cache worker for file content cache (C:\Users\Bikmacs\.gradle\caches\8.10.2\fileContent)"        [_thread_blocked, id=17076, stack(0x000000aae3600000,0x000000aae3700000) (1024K)]
  0x0000027fa0708140 JavaThread "Cache worker for cache directory md-rule (C:\Users\Bikmacs\.gradle\caches\8.10.2\md-rule)"        [_thread_blocked, id=10468, stack(0x000000aae3700000,0x000000aae3800000) (1024K)]
  0x0000027fa070a210 JavaThread "Cache worker for cache directory md-supplier (C:\Users\Bikmacs\.gradle\caches\8.10.2\md-supplier)"        [_thread_blocked, id=1552, stack(0x000000aae3800000,0x000000aae3900000) (1024K)]
  0x0000027f979d71e0 JavaThread "C2 CompilerThread2"         daemon [_thread_in_native, id=19316, stack(0x000000aae3000000,0x000000aae3100000) (1024K)]
  0x0000027fa070d000 JavaThread "Unconstrained build operations"        [_thread_blocked, id=11492, stack(0x000000aae3900000,0x000000aae3a00000) (1024K)]
  0x0000027fa070af30 JavaThread "Unconstrained build operations Thread 2"        [_thread_blocked, id=3084, stack(0x000000aae3a00000,0x000000aae3b00000) (1024K)]
  0x0000027fa070e3b0 JavaThread "Unconstrained build operations Thread 3"        [_thread_blocked, id=11452, stack(0x000000aae3b00000,0x000000aae3c00000) (1024K)]
  0x0000027fa070b5c0 JavaThread "Unconstrained build operations Thread 4"        [_thread_blocked, id=16564, stack(0x000000aae3c00000,0x000000aae3d00000) (1024K)]
  0x0000027fa070d690 JavaThread "Unconstrained build operations Thread 5"        [_thread_blocked, id=7632, stack(0x000000aae3d00000,0x000000aae3e00000) (1024K)]
  0x0000027fa070bc50 JavaThread "Unconstrained build operations Thread 6"        [_thread_blocked, id=7688, stack(0x000000aae3e00000,0x000000aae3f00000) (1024K)]
  0x0000027fa070dd20 JavaThread "Unconstrained build operations Thread 7"        [_thread_blocked, id=4264, stack(0x000000aae3f00000,0x000000aae4000000) (1024K)]
  0x0000027fa070c970 JavaThread "Unconstrained build operations Thread 8"        [_thread_blocked, id=13072, stack(0x000000aae4000000,0x000000aae4100000) (1024K)]
  0x0000027fa070c2e0 JavaThread "Unconstrained build operations Thread 9"        [_thread_blocked, id=17760, stack(0x000000aae4100000,0x000000aae4200000) (1024K)]
  0x0000027f9d276370 JavaThread "Unconstrained build operations Thread 10"        [_thread_blocked, id=13716, stack(0x000000aae4200000,0x000000aae4300000) (1024K)]
  0x0000027f9d276a00 JavaThread "Unconstrained build operations Thread 11"        [_thread_blocked, id=5524, stack(0x000000aae4300000,0x000000aae4400000) (1024K)]
  0x0000027f9d277090 JavaThread "Unconstrained build operations Thread 12"        [_thread_blocked, id=3928, stack(0x000000aae4400000,0x000000aae4500000) (1024K)]
  0x0000027f9d278440 JavaThread "Unconstrained build operations Thread 13"        [_thread_blocked, id=10200, stack(0x000000aae4500000,0x000000aae4600000) (1024K)]
  0x0000027f9d279160 JavaThread "Unconstrained build operations Thread 14"        [_thread_blocked, id=10992, stack(0x000000aae4600000,0x000000aae4700000) (1024K)]
  0x0000027f9d277720 JavaThread "Unconstrained build operations Thread 15"        [_thread_blocked, id=14116, stack(0x000000aae4700000,0x000000aae4800000) (1024K)]
  0x0000027f9d277db0 JavaThread "Unconstrained build operations Thread 16"        [_thread_blocked, id=8236, stack(0x000000aae4800000,0x000000aae4900000) (1024K)]
  0x0000027f9d278ad0 JavaThread "Unconstrained build operations Thread 17"        [_thread_blocked, id=16148, stack(0x000000aae4900000,0x000000aae4a00000) (1024K)]
  0x0000027f9d275ce0 JavaThread "Unconstrained build operations Thread 18"        [_thread_blocked, id=6764, stack(0x000000aae4a00000,0x000000aae4b00000) (1024K)]
  0x0000027f9d27cc70 JavaThread "Unconstrained build operations Thread 19"        [_thread_blocked, id=14588, stack(0x000000aae4b00000,0x000000aae4c00000) (1024K)]
  0x0000027f9d2797f0 JavaThread "Unconstrained build operations Thread 20"        [_thread_blocked, id=14964, stack(0x000000aae4c00000,0x000000aae4d00000) (1024K)]
  0x0000027f9d27b8c0 JavaThread "Unconstrained build operations Thread 21"        [_thread_blocked, id=9452, stack(0x000000aae4d00000,0x000000aae4e00000) (1024K)]
  0x0000027f9d27bf50 JavaThread "Unconstrained build operations Thread 22"        [_thread_blocked, id=14184, stack(0x000000aae4e00000,0x000000aae4f00000) (1024K)]
  0x0000027f9d27aba0 JavaThread "Unconstrained build operations Thread 23"        [_thread_blocked, id=10172, stack(0x000000aae4f00000,0x000000aae5000000) (1024K)]
  0x0000027f9d27c5e0 JavaThread "Unconstrained build operations Thread 24"        [_thread_blocked, id=16512, stack(0x000000aae5000000,0x000000aae5100000) (1024K)]
  0x0000027f9d27b230 JavaThread "Unconstrained build operations Thread 25"        [_thread_blocked, id=3844, stack(0x000000aae5100000,0x000000aae5200000) (1024K)]
  0x0000027f9d27d300 JavaThread "Unconstrained build operations Thread 26"        [_thread_blocked, id=16488, stack(0x000000aae5200000,0x000000aae5300000) (1024K)]
  0x0000027f9d27a510 JavaThread "Unconstrained build operations Thread 27"        [_thread_blocked, id=19296, stack(0x000000aae5300000,0x000000aae5400000) (1024K)]
  0x0000027f9d279e80 JavaThread "Unconstrained build operations Thread 28"        [_thread_blocked, id=19352, stack(0x000000aae5400000,0x000000aae5500000) (1024K)]
  0x0000027f9e9f9fd0 JavaThread "Unconstrained build operations Thread 29"        [_thread_blocked, id=6492, stack(0x000000aae5500000,0x000000aae5600000) (1024K)]
  0x0000027f9e9f9940 JavaThread "Unconstrained build operations Thread 30"        [_thread_blocked, id=15524, stack(0x000000aae5600000,0x000000aae5700000) (1024K)]
  0x0000027f9e9fba10 JavaThread "Unconstrained build operations Thread 31"        [_thread_blocked, id=20328, stack(0x000000aae5700000,0x000000aae5800000) (1024K)]
  0x0000027f9e9f8c20 JavaThread "Unconstrained build operations Thread 32"        [_thread_blocked, id=19692, stack(0x000000aae5800000,0x000000aae5900000) (1024K)]
  0x0000027f9e9fc730 JavaThread "Unconstrained build operations Thread 33"        [_thread_blocked, id=2428, stack(0x000000aae5900000,0x000000aae5a00000) (1024K)]
Total: 67

Other Threads:
  0x0000027f979458e0 VMThread "VM Thread"                           [id=13060, stack(0x000000aae0c00000,0x000000aae0d00000) (1024K)]
  0x0000027f978f09d0 WatcherThread "VM Periodic Task Thread"        [id=20284, stack(0x000000aae0b00000,0x000000aae0c00000) (1024K)]
  0x0000027fffcb2530 WorkerThread "GC Thread#0"                     [id=7584, stack(0x000000aae0600000,0x000000aae0700000) (1024K)]
  0x0000027f9c510d60 WorkerThread "GC Thread#1"                     [id=19572, stack(0x000000aae1900000,0x000000aae1a00000) (1024K)]
  0x0000027f9c1fdd40 WorkerThread "GC Thread#2"                     [id=13340, stack(0x000000aae1a00000,0x000000aae1b00000) (1024K)]
  0x0000027f9c1fe0e0 WorkerThread "GC Thread#3"                     [id=1652, stack(0x000000aae1b00000,0x000000aae1c00000) (1024K)]
  0x0000027f9c1fe480 WorkerThread "GC Thread#4"                     [id=20080, stack(0x000000aae1c00000,0x000000aae1d00000) (1024K)]
  0x0000027f9d75ec90 WorkerThread "GC Thread#5"                     [id=14892, stack(0x000000aae1d00000,0x000000aae1e00000) (1024K)]
  0x0000027f9daf4100 WorkerThread "GC Thread#6"                     [id=10684, stack(0x000000aae1e00000,0x000000aae1f00000) (1024K)]
  0x0000027f9daf44a0 WorkerThread "GC Thread#7"                     [id=5312, stack(0x000000aae1f00000,0x000000aae2000000) (1024K)]
  0x0000027f9e245b20 WorkerThread "GC Thread#8"                     [id=11980, stack(0x000000aae2000000,0x000000aae2100000) (1024K)]
  0x0000027f9e246d40 WorkerThread "GC Thread#9"                     [id=9196, stack(0x000000aae1700000,0x000000aae1800000) (1024K)]
  0x0000027fffd01b80 ConcurrentGCThread "G1 Main Marker"            [id=11208, stack(0x000000aae0700000,0x000000aae0800000) (1024K)]
  0x0000027fffd02d30 WorkerThread "G1 Conc#0"                       [id=7752, stack(0x000000aae0800000,0x000000aae0900000) (1024K)]
  0x0000027f9e245ec0 WorkerThread "G1 Conc#1"                       [id=10192, stack(0x000000aae1800000,0x000000aae1900000) (1024K)]
  0x0000027f9e247480 WorkerThread "G1 Conc#2"                       [id=10180, stack(0x000000aae2b00000,0x000000aae2c00000) (1024K)]
  0x0000027f9775e590 ConcurrentGCThread "G1 Refine#0"               [id=18012, stack(0x000000aae0900000,0x000000aae0a00000) (1024K)]
  0x0000027f9775edb0 ConcurrentGCThread "G1 Service"                [id=18892, stack(0x000000aae0a00000,0x000000aae0b00000) (1024K)]
Total: 18

Threads with active compile tasks:
C2 CompilerThread0  9793 8386       4       org.objectweb.asm.MethodWriter::computeAllFrames (510 bytes)
C2 CompilerThread1  11815 8358       4       java.util.regex.Pattern::compile (537 bytes)
C2 CompilerThread2  11815 8372       4       sun.util.locale.BaseLocale::getInstance (150 bytes)
Total: 3

VM state: not at safepoint (normal execution)

VM Mutex/Monitor currently owned by a thread: None

Heap address: 0x0000000080000000, size: 2048 MB, Compressed Oops mode: 32-bit

CDS archive(s) not mapped
Compressed class space mapped at: 0x0000000100000000-0x0000000140000000, reserved size: 1073741824
Narrow klass base: 0x0000000000000000, Narrow klass shift: 3, Narrow klass range: 0x140000000

GC Precious Log:
 CardTable entry size: 512
 Card Set container configuration: InlinePtr #cards 5 size 8 Array Of Cards #cards 12 size 40 Howl #buckets 4 coarsen threshold 1843 Howl Bitmap #cards 512 size 80 coarsen threshold 460 Card regions per heap region 1 cards per card region 2048
 CPUs: 12 total, 12 available
 Memory: 15774M
 Large Page Support: Disabled
 NUMA Support: Disabled
 Compressed Oops: Enabled (32-bit)
 Heap Region Size: 1M
 Heap Min Capacity: 8M
 Heap Initial Capacity: 248M
 Heap Max Capacity: 2G
 Pre-touch: Disabled
 Parallel Workers: 10
 Concurrent Workers: 3
 Concurrent Refinement Workers: 10
 Periodic GC: Disabled

Heap:
 garbage-first heap   total 119808K, used 80323K [0x0000000080000000, 0x0000000100000000)
  region size 1024K, 14 young (14336K), 3 survivors (3072K)
 Metaspace       used 71251K, committed 72960K, reserved 1114112K
  class space    used 9645K, committed 10496K, reserved 1048576K

Heap Regions: E=young(eden), S=young(survivor), O=old, HS=humongous(starts), HC=humongous(continues), CS=collection set, F=free, TAMS=top-at-mark-start, PB=parsable bottom
|   0|0x0000000080000000, 0x0000000080100000, 0x0000000080100000|100%| O|  |TAMS 0x0000000080000000| PB 0x0000000080000000| Untracked 
|   1|0x0000000080100000, 0x0000000080200000, 0x0000000080200000|100%| O|  |TAMS 0x0000000080100000| PB 0x0000000080100000| Untracked 
|   2|0x0000000080200000, 0x0000000080300000, 0x0000000080300000|100%| O|  |TAMS 0x0000000080200000| PB 0x0000000080200000| Untracked 
|   3|0x0000000080300000, 0x0000000080400000, 0x0000000080400000|100%|HS|  |TAMS 0x0000000080300000| PB 0x0000000080300000| Complete 
|   4|0x0000000080400000, 0x0000000080500000, 0x0000000080500000|100%|HC|  |TAMS 0x0000000080400000| PB 0x0000000080400000| Complete 
|   5|0x0000000080500000, 0x0000000080600000, 0x0000000080600000|100%|HC|  |TAMS 0x0000000080500000| PB 0x0000000080500000| Complete 
|   6|0x0000000080600000, 0x0000000080700000, 0x0000000080700000|100%|HC|  |TAMS 0x0000000080600000| PB 0x0000000080600000| Complete 
|   7|0x0000000080700000, 0x0000000080800000, 0x0000000080800000|100%|HS|  |TAMS 0x0000000080700000| PB 0x0000000080700000| Complete 
|   8|0x0000000080800000, 0x0000000080900000, 0x0000000080900000|100%| O|  |TAMS 0x0000000080800000| PB 0x0000000080800000| Untracked 
|   9|0x0000000080900000, 0x0000000080a00000, 0x0000000080a00000|100%| O|  |TAMS 0x0000000080900000| PB 0x0000000080900000| Untracked 
|  10|0x0000000080a00000, 0x0000000080b00000, 0x0000000080b00000|100%| O|  |TAMS 0x0000000080a00000| PB 0x0000000080a00000| Untracked 
|  11|0x0000000080b00000, 0x0000000080c00000, 0x0000000080c00000|100%| O|  |TAMS 0x0000000080b00000| PB 0x0000000080b00000| Untracked 
|  12|0x0000000080c00000, 0x0000000080d00000, 0x0000000080d00000|100%| O|  |TAMS 0x0000000080c00000| PB 0x0000000080c00000| Untracked 
|  13|0x0000000080d00000, 0x0000000080e00000, 0x0000000080e00000|100%| O|  |TAMS 0x0000000080d00000| PB 0x0000000080d00000| Untracked 
|  14|0x0000000080e00000, 0x0000000080f00000, 0x0000000080f00000|100%| O|  |TAMS 0x0000000080e00000| PB 0x0000000080e00000| Untracked 
|  15|0x0000000080f00000, 0x0000000081000000, 0x0000000081000000|100%| O|  |TAMS 0x0000000080f00000| PB 0x0000000080f00000| Untracked 
|  16|0x0000000081000000, 0x0000000081100000, 0x0000000081100000|100%| O|  |TAMS 0x0000000081000000| PB 0x0000000081000000| Untracked 
|  17|0x0000000081100000, 0x0000000081200000, 0x0000000081200000|100%| O|  |TAMS 0x0000000081100000| PB 0x0000000081100000| Untracked 
|  18|0x0000000081200000, 0x0000000081300000, 0x0000000081300000|100%| O|  |TAMS 0x0000000081200000| PB 0x0000000081200000| Untracked 
|  19|0x0000000081300000, 0x0000000081400000, 0x0000000081400000|100%| O|  |TAMS 0x0000000081300000| PB 0x0000000081300000| Untracked 
|  20|0x0000000081400000, 0x0000000081500000, 0x0000000081500000|100%| O|  |TAMS 0x0000000081400000| PB 0x0000000081400000| Untracked 
|  21|0x0000000081500000, 0x0000000081600000, 0x0000000081600000|100%| O|  |TAMS 0x0000000081500000| PB 0x0000000081500000| Untracked 
|  22|0x0000000081600000, 0x0000000081700000, 0x0000000081700000|100%| O|  |TAMS 0x0000000081600000| PB 0x0000000081600000| Untracked 
|  23|0x0000000081700000, 0x0000000081800000, 0x0000000081800000|100%| O|  |TAMS 0x0000000081700000| PB 0x0000000081700000| Untracked 
|  24|0x0000000081800000, 0x0000000081900000, 0x0000000081900000|100%| O|  |TAMS 0x0000000081800000| PB 0x0000000081800000| Untracked 
|  25|0x0000000081900000, 0x0000000081a00000, 0x0000000081a00000|100%| O|  |TAMS 0x0000000081900000| PB 0x0000000081900000| Untracked 
|  26|0x0000000081a00000, 0x0000000081b00000, 0x0000000081b00000|100%| O|  |TAMS 0x0000000081a00000| PB 0x0000000081a00000| Untracked 
|  27|0x0000000081b00000, 0x0000000081c00000, 0x0000000081c00000|100%| O|  |TAMS 0x0000000081b00000| PB 0x0000000081b00000| Untracked 
|  28|0x0000000081c00000, 0x0000000081d00000, 0x0000000081d00000|100%| O|  |TAMS 0x0000000081c00000| PB 0x0000000081c00000| Untracked 
|  29|0x0000000081d00000, 0x0000000081e00000, 0x0000000081e00000|100%| O|  |TAMS 0x0000000081d00000| PB 0x0000000081d00000| Untracked 
|  30|0x0000000081e00000, 0x0000000081f00000, 0x0000000081f00000|100%| O|  |TAMS 0x0000000081e00000| PB 0x0000000081e00000| Untracked 
|  31|0x0000000081f00000, 0x0000000082000000, 0x0000000082000000|100%| O|  |TAMS 0x0000000081f00000| PB 0x0000000081f00000| Untracked 
|  32|0x0000000082000000, 0x0000000082000000, 0x0000000082100000|  0%| F|  |TAMS 0x0000000082000000| PB 0x0000000082000000| Untracked 
|  33|0x0000000082100000, 0x0000000082200000, 0x0000000082200000|100%| O|  |TAMS 0x0000000082100000| PB 0x0000000082100000| Untracked 
|  34|0x0000000082200000, 0x0000000082300000, 0x0000000082300000|100%| O|  |TAMS 0x0000000082200000| PB 0x0000000082200000| Untracked 
|  35|0x0000000082300000, 0x0000000082400000, 0x0000000082400000|100%| O|  |TAMS 0x0000000082300000| PB 0x0000000082300000| Untracked 
|  36|0x0000000082400000, 0x0000000082500000, 0x0000000082500000|100%| O|  |TAMS 0x0000000082400000| PB 0x0000000082400000| Untracked 
|  37|0x0000000082500000, 0x0000000082600000, 0x0000000082600000|100%| O|  |TAMS 0x0000000082500000| PB 0x0000000082500000| Untracked 
|  38|0x0000000082600000, 0x0000000082700000, 0x0000000082700000|100%|HS|  |TAMS 0x0000000082600000| PB 0x0000000082600000| Complete 
|  39|0x0000000082700000, 0x0000000082800000, 0x0000000082800000|100%|HS|  |TAMS 0x0000000082700000| PB 0x0000000082700000| Complete 
|  40|0x0000000082800000, 0x0000000082900000, 0x0000000082900000|100%|HS|  |TAMS 0x0000000082800000| PB 0x0000000082800000| Complete 
|  41|0x0000000082900000, 0x0000000082a00000, 0x0000000082a00000|100%|HC|  |TAMS 0x0000000082900000| PB 0x0000000082900000| Complete 
|  42|0x0000000082a00000, 0x0000000082b00000, 0x0000000082b00000|100%|HS|  |TAMS 0x0000000082a00000| PB 0x0000000082a00000| Complete 
|  43|0x0000000082b00000, 0x0000000082c00000, 0x0000000082c00000|100%|HC|  |TAMS 0x0000000082b00000| PB 0x0000000082b00000| Complete 
|  44|0x0000000082c00000, 0x0000000082d00000, 0x0000000082d00000|100%| O|  |TAMS 0x0000000082c00000| PB 0x0000000082c00000| Untracked 
|  45|0x0000000082d00000, 0x0000000082e00000, 0x0000000082e00000|100%| O|  |TAMS 0x0000000082d00000| PB 0x0000000082d00000| Untracked 
|  46|0x0000000082e00000, 0x0000000082f00000, 0x0000000082f00000|100%| O|  |TAMS 0x0000000082e00000| PB 0x0000000082e00000| Untracked 
|  47|0x0000000082f00000, 0x0000000083000000, 0x0000000083000000|100%| O|  |TAMS 0x0000000082f00000| PB 0x0000000082f00000| Untracked 
|  48|0x0000000083000000, 0x0000000083100000, 0x0000000083100000|100%| O|  |TAMS 0x0000000083000000| PB 0x0000000083000000| Untracked 
|  49|0x0000000083100000, 0x0000000083100000, 0x0000000083200000|  0%| F|  |TAMS 0x0000000083100000| PB 0x0000000083100000| Untracked 
|  50|0x0000000083200000, 0x0000000083300000, 0x0000000083300000|100%|HS|  |TAMS 0x0000000083200000| PB 0x0000000083200000| Complete 
|  51|0x0000000083300000, 0x0000000083400000, 0x0000000083400000|100%|HS|  |TAMS 0x0000000083300000| PB 0x0000000083300000| Complete 
|  52|0x0000000083400000, 0x0000000083500000, 0x0000000083500000|100%|HS|  |TAMS 0x0000000083400000| PB 0x0000000083400000| Complete 
|  53|0x0000000083500000, 0x0000000083600000, 0x0000000083600000|100%| O|  |TAMS 0x0000000083500000| PB 0x0000000083500000| Untracked 
|  54|0x0000000083600000, 0x0000000083700000, 0x0000000083700000|100%| O|  |TAMS 0x0000000083600000| PB 0x0000000083600000| Untracked 
|  55|0x0000000083700000, 0x0000000083800000, 0x0000000083800000|100%| O|  |TAMS 0x0000000083700000| PB 0x0000000083700000| Untracked 
|  56|0x0000000083800000, 0x0000000083900000, 0x0000000083900000|100%| O|  |TAMS 0x0000000083800000| PB 0x0000000083800000| Untracked 
|  57|0x0000000083900000, 0x0000000083a00000, 0x0000000083a00000|100%|HS|  |TAMS 0x0000000083900000| PB 0x0000000083900000| Complete 
|  58|0x0000000083a00000, 0x0000000083b00000, 0x0000000083b00000|100%|HC|  |TAMS 0x0000000083a00000| PB 0x0000000083a00000| Complete 
|  59|0x0000000083b00000, 0x0000000083c00000, 0x0000000083c00000|100%|HC|  |TAMS 0x0000000083b00000| PB 0x0000000083b00000| Complete 
|  60|0x0000000083c00000, 0x0000000083d00000, 0x0000000083d00000|100%| O|  |TAMS 0x0000000083c00000| PB 0x0000000083c00000| Untracked 
|  61|0x0000000083d00000, 0x0000000083e00000, 0x0000000083e00000|100%|HS|  |TAMS 0x0000000083d00000| PB 0x0000000083d00000| Complete 
|  62|0x0000000083e00000, 0x0000000083f00000, 0x0000000083f00000|100%| O|  |TAMS 0x0000000083e00000| PB 0x0000000083e00000| Untracked 
|  63|0x0000000083f00000, 0x0000000084000000, 0x0000000084000000|100%| O|  |TAMS 0x0000000083f00000| PB 0x0000000083f00000| Untracked 
|  64|0x0000000084000000, 0x00000000840317b8, 0x0000000084100000| 19%| O|  |TAMS 0x0000000084000000| PB 0x0000000084000000| Untracked 
|  65|0x0000000084100000, 0x0000000084100000, 0x0000000084200000|  0%| F|  |TAMS 0x0000000084100000| PB 0x0000000084100000| Untracked 
|  66|0x0000000084200000, 0x0000000084200000, 0x0000000084300000|  0%| F|  |TAMS 0x0000000084200000| PB 0x0000000084200000| Untracked 
|  67|0x0000000084300000, 0x000000008433f828, 0x0000000084400000| 24%| S|CS|TAMS 0x0000000084300000| PB 0x0000000084300000| Complete 
|  68|0x0000000084400000, 0x0000000084500000, 0x0000000084500000|100%| S|CS|TAMS 0x0000000084400000| PB 0x0000000084400000| Complete 
|  69|0x0000000084500000, 0x0000000084600000, 0x0000000084600000|100%| S|CS|TAMS 0x0000000084500000| PB 0x0000000084500000| Complete 
|  70|0x0000000084600000, 0x0000000084600000, 0x0000000084700000|  0%| F|  |TAMS 0x0000000084600000| PB 0x0000000084600000| Untracked 
|  71|0x0000000084700000, 0x0000000084700000, 0x0000000084800000|  0%| F|  |TAMS 0x0000000084700000| PB 0x0000000084700000| Untracked 
|  72|0x0000000084800000, 0x0000000084800000, 0x0000000084900000|  0%| F|  |TAMS 0x0000000084800000| PB 0x0000000084800000| Untracked 
|  73|0x0000000084900000, 0x0000000084900000, 0x0000000084a00000|  0%| F|  |TAMS 0x0000000084900000| PB 0x0000000084900000| Untracked 
|  74|0x0000000084a00000, 0x0000000084a00000, 0x0000000084b00000|  0%| F|  |TAMS 0x0000000084a00000| PB 0x0000000084a00000| Untracked 
|  75|0x0000000084b00000, 0x0000000084b00000, 0x0000000084c00000|  0%| F|  |TAMS 0x0000000084b00000| PB 0x0000000084b00000| Untracked 
|  76|0x0000000084c00000, 0x0000000084c00000, 0x0000000084d00000|  0%| F|  |TAMS 0x0000000084c00000| PB 0x0000000084c00000| Untracked 
|  77|0x0000000084d00000, 0x0000000084d00000, 0x0000000084e00000|  0%| F|  |TAMS 0x0000000084d00000| PB 0x0000000084d00000| Untracked 
|  78|0x0000000084e00000, 0x0000000084e00000, 0x0000000084f00000|  0%| F|  |TAMS 0x0000000084e00000| PB 0x0000000084e00000| Untracked 
|  79|0x0000000084f00000, 0x0000000084f00000, 0x0000000085000000|  0%| F|  |TAMS 0x0000000084f00000| PB 0x0000000084f00000| Untracked 
|  80|0x0000000085000000, 0x0000000085000000, 0x0000000085100000|  0%| F|  |TAMS 0x0000000085000000| PB 0x0000000085000000| Untracked 
|  81|0x0000000085100000, 0x0000000085100000, 0x0000000085200000|  0%| F|  |TAMS 0x0000000085100000| PB 0x0000000085100000| Untracked 
|  82|0x0000000085200000, 0x0000000085200000, 0x0000000085300000|  0%| F|  |TAMS 0x0000000085200000| PB 0x0000000085200000| Untracked 
|  83|0x0000000085300000, 0x0000000085300000, 0x0000000085400000|  0%| F|  |TAMS 0x0000000085300000| PB 0x0000000085300000| Untracked 
|  84|0x0000000085400000, 0x0000000085400000, 0x0000000085500000|  0%| F|  |TAMS 0x0000000085400000| PB 0x0000000085400000| Untracked 
|  85|0x0000000085500000, 0x0000000085500000, 0x0000000085600000|  0%| F|  |TAMS 0x0000000085500000| PB 0x0000000085500000| Untracked 
|  86|0x0000000085600000, 0x0000000085600000, 0x0000000085700000|  0%| F|  |TAMS 0x0000000085600000| PB 0x0000000085600000| Untracked 
|  87|0x0000000085700000, 0x0000000085700000, 0x0000000085800000|  0%| F|  |TAMS 0x0000000085700000| PB 0x0000000085700000| Untracked 
|  88|0x0000000085800000, 0x0000000085800000, 0x0000000085900000|  0%| F|  |TAMS 0x0000000085800000| PB 0x0000000085800000| Untracked 
|  89|0x0000000085900000, 0x0000000085900000, 0x0000000085a00000|  0%| F|  |TAMS 0x0000000085900000| PB 0x0000000085900000| Untracked 
|  90|0x0000000085a00000, 0x0000000085a00000, 0x0000000085b00000|  0%| F|  |TAMS 0x0000000085a00000| PB 0x0000000085a00000| Untracked 
|  91|0x0000000085b00000, 0x0000000085b00000, 0x0000000085c00000|  0%| F|  |TAMS 0x0000000085b00000| PB 0x0000000085b00000| Untracked 
|  92|0x0000000085c00000, 0x0000000085c00000, 0x0000000085d00000|  0%| F|  |TAMS 0x0000000085c00000| PB 0x0000000085c00000| Untracked 
|  93|0x0000000085d00000, 0x0000000085d00000, 0x0000000085e00000|  0%| F|  |TAMS 0x0000000085d00000| PB 0x0000000085d00000| Untracked 
|  94|0x0000000085e00000, 0x0000000085e00000, 0x0000000085f00000|  0%| F|  |TAMS 0x0000000085e00000| PB 0x0000000085e00000| Untracked 
|  95|0x0000000085f00000, 0x0000000085f00000, 0x0000000086000000|  0%| F|  |TAMS 0x0000000085f00000| PB 0x0000000085f00000| Untracked 
|  96|0x0000000086000000, 0x0000000086000000, 0x0000000086100000|  0%| F|  |TAMS 0x0000000086000000| PB 0x0000000086000000| Untracked 
|  97|0x0000000086100000, 0x0000000086100000, 0x0000000086200000|  0%| F|  |TAMS 0x0000000086100000| PB 0x0000000086100000| Untracked 
|  98|0x0000000086200000, 0x0000000086200000, 0x0000000086300000|  0%| F|  |TAMS 0x0000000086200000| PB 0x0000000086200000| Untracked 
|  99|0x0000000086300000, 0x0000000086300000, 0x0000000086400000|  0%| F|  |TAMS 0x0000000086300000| PB 0x0000000086300000| Untracked 
| 100|0x0000000086400000, 0x0000000086400000, 0x0000000086500000|  0%| F|  |TAMS 0x0000000086400000| PB 0x0000000086400000| Untracked 
| 215|0x000000008d700000, 0x000000008d729d18, 0x000000008d800000| 16%| E|  |TAMS 0x000000008d700000| PB 0x000000008d700000| Complete 
| 216|0x000000008d800000, 0x000000008d900000, 0x000000008d900000|100%| E|CS|TAMS 0x000000008d800000| PB 0x000000008d800000| Complete 
| 217|0x000000008d900000, 0x000000008da00000, 0x000000008da00000|100%| E|CS|TAMS 0x000000008d900000| PB 0x000000008d900000| Complete 
| 218|0x000000008da00000, 0x000000008db00000, 0x000000008db00000|100%| E|CS|TAMS 0x000000008da00000| PB 0x000000008da00000| Complete 
| 219|0x000000008db00000, 0x000000008dc00000, 0x000000008dc00000|100%| E|CS|TAMS 0x000000008db00000| PB 0x000000008db00000| Complete 
| 220|0x000000008dc00000, 0x000000008dd00000, 0x000000008dd00000|100%| E|CS|TAMS 0x000000008dc00000| PB 0x000000008dc00000| Complete 
| 221|0x000000008dd00000, 0x000000008de00000, 0x000000008de00000|100%| E|CS|TAMS 0x000000008dd00000| PB 0x000000008dd00000| Complete 
| 222|0x000000008de00000, 0x000000008df00000, 0x000000008df00000|100%| E|  |TAMS 0x000000008de00000| PB 0x000000008de00000| Complete 
| 223|0x000000008df00000, 0x000000008e000000, 0x000000008e000000|100%| E|CS|TAMS 0x000000008df00000| PB 0x000000008df00000| Complete 
| 224|0x000000008e000000, 0x000000008e100000, 0x000000008e100000|100%| E|CS|TAMS 0x000000008e000000| PB 0x000000008e000000| Complete 
| 247|0x000000008f700000, 0x000000008f800000, 0x000000008f800000|100%| E|CS|TAMS 0x000000008f700000| PB 0x000000008f700000| Complete 
|2043|0x00000000ffb00000, 0x00000000ffc00000, 0x00000000ffc00000|100%| O|  |TAMS 0x00000000ffb00000| PB 0x00000000ffb00000| Untracked 
|2044|0x00000000ffc00000, 0x00000000ffd00000, 0x00000000ffd00000|100%| O|  |TAMS 0x00000000ffc00000| PB 0x00000000ffc00000| Untracked 
|2045|0x00000000ffd00000, 0x00000000ffe00000, 0x00000000ffe00000|100%| O|  |TAMS 0x00000000ffd00000| PB 0x00000000ffd00000| Untracked 
|2046|0x00000000ffe00000, 0x00000000fff00000, 0x00000000fff00000|100%| O|  |TAMS 0x00000000ffe00000| PB 0x00000000ffe00000| Untracked 
|2047|0x00000000fff00000, 0x0000000100000000, 0x0000000100000000|100%| O|  |TAMS 0x00000000fff00000| PB 0x00000000fff00000| Untracked 

Card table byte_map: [0x0000027f927c0000,0x0000027f92bc0000] _byte_map_base: 0x0000027f923c0000

Marking Bits: (CMBitMap*) 0x0000027fffcb2b40
 Bits: [0x0000027f92bc0000, 0x0000027f94bc0000)

Polling page: 0x0000027ffdba0000

Metaspace:

Usage:
  Non-class:     60.16 MB used.
      Class:      9.42 MB used.
       Both:     69.58 MB used.

Virtual space:
  Non-class space:       64.00 MB reserved,      61.00 MB ( 95%) committed,  1 nodes.
      Class space:        1.00 GB reserved,      10.25 MB (  1%) committed,  1 nodes.
             Both:        1.06 GB reserved,      71.25 MB (  7%) committed. 

Chunk freelists:
   Non-Class:  2.73 MB
       Class:  5.64 MB
        Both:  8.37 MB

MaxMetaspaceSize: unlimited
CompressedClassSpaceSize: 1.00 GB
Initial GC threshold: 21.00 MB
Current GC threshold: 111.38 MB
CDS: off
 - commit_granule_bytes: 65536.
 - commit_granule_words: 8192.
 - virtual_space_node_default_size: 8388608.
 - enlarge_chunks_in_place: 1.
 - use_allocation_guard: 0.


Internal statistics:

num_allocs_failed_limit: 12.
num_arena_births: 3202.
num_arena_deaths: 0.
num_vsnodes_births: 2.
num_vsnodes_deaths: 0.
num_space_committed: 1140.
num_space_uncommitted: 0.
num_chunks_returned_to_freelist: 12.
num_chunks_taken_from_freelist: 6130.
num_chunk_merges: 12.
num_chunk_splits: 3988.
num_chunks_enlarged: 2452.
num_inconsistent_stats: 0.

CodeHeap 'non-profiled nmethods': size=120000Kb used=4232Kb max_used=4232Kb free=115768Kb
 bounds [0x0000027f8ab60000, 0x0000027f8af90000, 0x0000027f92090000]
CodeHeap 'profiled nmethods': size=120000Kb used=13652Kb max_used=13678Kb free=106347Kb
 bounds [0x0000027f83090000, 0x0000027f83df0000, 0x0000027f8a5c0000]
CodeHeap 'non-nmethods': size=5760Kb used=1988Kb max_used=2049Kb free=3771Kb
 bounds [0x0000027f8a5c0000, 0x0000027f8a830000, 0x0000027f8ab60000]
 total_blobs=8226 nmethods=7467 adapters=663
 compilation: enabled
              stopped_count=0, restarted_count=0
 full_count=0

Compilation events (20 events):
Event: 6.747 Thread 0x0000027f979d6440 nmethod 8376 0x0000027f83768690 code [0x0000027f83768840, 0x0000027f83768998]
Event: 6.748 Thread 0x0000027f979d6440 8378 %     3       org.gradle.internal.instantiation.generator.AbstractClassGenerator::inspectType @ 32 (560 bytes)
Event: 6.748 Thread 0x0000027f979bd630 8379       4       org.objectweb.asm.Frame::push (109 bytes)
Event: 6.749 Thread 0x0000027f979d6440 nmethod 8378% 0x0000027f83580090 code [0x0000027f835808c0, 0x0000027f83585770]
Event: 6.749 Thread 0x0000027f979d6440 8381       3       org.gradle.internal.instantiation.generator.AsmBackedClassGenerator$ClassBuilderImpl$$Lambda/0x00000001002d38b8::<init> (32 bytes)
Event: 6.750 Thread 0x0000027f979d6440 nmethod 8381 0x0000027f83437510 code [0x0000027f834376c0, 0x0000027f834379f0]
Event: 6.750 Thread 0x0000027f979d6440 8382       3       org.gradle.internal.instantiation.generator.AsmBackedClassGenerator$ClassBuilderImpl$$Lambda/0x00000001002d38b8::emit (25 bytes)
Event: 6.750 Thread 0x0000027f979d6440 nmethod 8382 0x0000027f83645090 code [0x0000027f83645240, 0x0000027f83645398]
Event: 6.750 Thread 0x0000027f979d6440 8383       3       org.gradle.internal.instantiation.generator.AsmBackedClassGenerator$ClassBuilderImpl::lambda$addLazyGetter$15 (17 bytes)
Event: 6.750 Thread 0x0000027f979d6440 nmethod 8383 0x0000027f831f2c10 code [0x0000027f831f2dc0, 0x0000027f831f2f80]
Event: 6.750 Thread 0x0000027f979d6440 8384       3       org.gradle.internal.instantiation.generator.AsmBackedClassGenerator$ClassBuilderImpl$16::<init> (144 bytes)
Event: 6.750 Thread 0x0000027f979d6440 nmethod 8384 0x0000027f832d1010 code [0x0000027f832d1400, 0x0000027f832d3750]
Event: 6.750 Thread 0x0000027f979d6440 8380       3       org.objectweb.asm.Handle::<init> (32 bytes)
Event: 6.751 Thread 0x0000027f979d6440 nmethod 8380 0x0000027f831f2710 code [0x0000027f831f28c0, 0x0000027f831f2b48]
Event: 6.751 Thread 0x0000027f979bd630 nmethod 8379 0x0000027f8af81610 code [0x0000027f8af817c0, 0x0000027f8af81e40]
Event: 6.751 Thread 0x0000027f979bd630 8386       4       org.objectweb.asm.MethodWriter::computeAllFrames (510 bytes)
Event: 8.137 Thread 0x0000027f979d6440 8388       1       javax.management.ObjectName$Property::setKeyIndex (6 bytes)
Event: 8.137 Thread 0x0000027f979d6440 nmethod 8388 0x0000027f8abbe090 code [0x0000027f8abbe220, 0x0000027f8abbe2e8]
Event: 8.137 Thread 0x0000027f979d6440 8389       1       sun.management.MemoryPoolImpl::getName (5 bytes)
Event: 8.137 Thread 0x0000027f979d6440 nmethod 8389 0x0000027f8abbdb90 code [0x0000027f8abbdd20, 0x0000027f8abbdde8]

GC Heap History (20 events):
Event: 3.983 GC heap before
{Heap before GC invocations=9 (full 0):
 garbage-first heap   total 89088K, used 76387K [0x0000000080000000, 0x0000000100000000)
  region size 1024K, 51 young (52224K), 3 survivors (3072K)
 Metaspace       used 44174K, committed 45376K, reserved 1114112K
  class space    used 5912K, committed 6528K, reserved 1048576K
}
Event: 3.985 GC heap after
{Heap after GC invocations=10 (full 0):
 garbage-first heap   total 89088K, used 31433K [0x0000000080000000, 0x0000000100000000)
  region size 1024K, 7 young (7168K), 7 survivors (7168K)
 Metaspace       used 44174K, committed 45376K, reserved 1114112K
  class space    used 5912K, committed 6528K, reserved 1048576K
}
Event: 4.183 GC heap before
{Heap before GC invocations=10 (full 0):
 garbage-first heap   total 89088K, used 75465K [0x0000000080000000, 0x0000000100000000)
  region size 1024K, 51 young (52224K), 7 survivors (7168K)
 Metaspace       used 46534K, committed 47872K, reserved 1114112K
  class space    used 6218K, committed 6912K, reserved 1048576K
}
Event: 4.187 GC heap after
{Heap after GC invocations=11 (full 0):
 garbage-first heap   total 89088K, used 33499K [0x0000000080000000, 0x0000000100000000)
  region size 1024K, 3 young (3072K), 3 survivors (3072K)
 Metaspace       used 46534K, committed 47872K, reserved 1114112K
  class space    used 6218K, committed 6912K, reserved 1048576K
}
Event: 4.557 GC heap before
{Heap before GC invocations=11 (full 0):
 garbage-first heap   total 89088K, used 77531K [0x0000000080000000, 0x0000000100000000)
  region size 1024K, 46 young (47104K), 3 survivors (3072K)
 Metaspace       used 51057K, committed 52480K, reserved 1114112K
  class space    used 6956K, committed 7680K, reserved 1048576K
}
Event: 4.559 GC heap after
{Heap after GC invocations=12 (full 0):
 garbage-first heap   total 107520K, used 35765K [0x0000000080000000, 0x0000000100000000)
  region size 1024K, 5 young (5120K), 5 survivors (5120K)
 Metaspace       used 51057K, committed 52480K, reserved 1114112K
  class space    used 6956K, committed 7680K, reserved 1048576K
}
Event: 5.007 GC heap before
{Heap before GC invocations=12 (full 0):
 garbage-first heap   total 107520K, used 86965K [0x0000000080000000, 0x0000000100000000)
  region size 1024K, 55 young (56320K), 5 survivors (5120K)
 Metaspace       used 59078K, committed 60608K, reserved 1114112K
  class space    used 7985K, committed 8704K, reserved 1048576K
}
Event: 5.010 GC heap after
{Heap after GC invocations=13 (full 0):
 garbage-first heap   total 107520K, used 37916K [0x0000000080000000, 0x0000000100000000)
  region size 1024K, 6 young (6144K), 6 survivors (6144K)
 Metaspace       used 59078K, committed 60608K, reserved 1114112K
  class space    used 7985K, committed 8704K, reserved 1048576K
}
Event: 5.648 GC heap before
{Heap before GC invocations=14 (full 0):
 garbage-first heap   total 107520K, used 93212K [0x0000000080000000, 0x0000000100000000)
  region size 1024K, 61 young (62464K), 6 survivors (6144K)
 Metaspace       used 65244K, committed 66944K, reserved 1114112K
  class space    used 8935K, committed 9792K, reserved 1048576K
}
Event: 5.652 GC heap after
{Heap after GC invocations=15 (full 0):
 garbage-first heap   total 107520K, used 43606K [0x0000000080000000, 0x0000000100000000)
  region size 1024K, 8 young (8192K), 8 survivors (8192K)
 Metaspace       used 65244K, committed 66944K, reserved 1114112K
  class space    used 8935K, committed 9792K, reserved 1048576K
}
Event: 5.877 GC heap before
{Heap before GC invocations=15 (full 0):
 garbage-first heap   total 107520K, used 91734K [0x0000000080000000, 0x0000000100000000)
  region size 1024K, 56 young (57344K), 8 survivors (8192K)
 Metaspace       used 66255K, committed 67968K, reserved 1114112K
  class space    used 9051K, committed 9920K, reserved 1048576K
}
Event: 5.882 GC heap after
{Heap after GC invocations=16 (full 0):
 garbage-first heap   total 107520K, used 47497K [0x0000000080000000, 0x0000000100000000)
  region size 1024K, 6 young (6144K), 6 survivors (6144K)
 Metaspace       used 66255K, committed 67968K, reserved 1114112K
  class space    used 9051K, committed 9920K, reserved 1048576K
}
Event: 5.990 GC heap before
{Heap before GC invocations=16 (full 0):
 garbage-first heap   total 107520K, used 93577K [0x0000000080000000, 0x0000000100000000)
  region size 1024K, 52 young (53248K), 6 survivors (6144K)
 Metaspace       used 66618K, committed 68288K, reserved 1114112K
  class space    used 9070K, committed 9920K, reserved 1048576K
}
Event: 5.993 GC heap after
{Heap after GC invocations=17 (full 0):
 garbage-first heap   total 107520K, used 48865K [0x0000000080000000, 0x0000000100000000)
  region size 1024K, 4 young (4096K), 4 survivors (4096K)
 Metaspace       used 66618K, committed 68288K, reserved 1114112K
  class space    used 9070K, committed 9920K, reserved 1048576K
}
Event: 6.064 GC heap before
{Heap before GC invocations=17 (full 0):
 garbage-first heap   total 107520K, used 94945K [0x0000000080000000, 0x0000000100000000)
  region size 1024K, 50 young (51200K), 4 survivors (4096K)
 Metaspace       used 66724K, committed 68416K, reserved 1114112K
  class space    used 9070K, committed 9920K, reserved 1048576K
}
Event: 6.067 GC heap after
{Heap after GC invocations=18 (full 0):
 garbage-first heap   total 107520K, used 49601K [0x0000000080000000, 0x0000000100000000)
  region size 1024K, 5 young (5120K), 5 survivors (5120K)
 Metaspace       used 66724K, committed 68416K, reserved 1114112K
  class space    used 9070K, committed 9920K, reserved 1048576K
}
Event: 6.353 GC heap before
{Heap before GC invocations=19 (full 0):
 garbage-first heap   total 107520K, used 105921K [0x0000000080000000, 0x0000000100000000)
  region size 1024K, 48 young (49152K), 5 survivors (5120K)
 Metaspace       used 67431K, committed 69120K, reserved 1114112K
  class space    used 9192K, committed 10048K, reserved 1048576K
}
Event: 6.357 GC heap after
{Heap after GC invocations=20 (full 0):
 garbage-first heap   total 119808K, used 68641K [0x0000000080000000, 0x0000000100000000)
  region size 1024K, 7 young (7168K), 7 survivors (7168K)
 Metaspace       used 67431K, committed 69120K, reserved 1114112K
  class space    used 9192K, committed 10048K, reserved 1048576K
}
Event: 6.652 GC heap before
{Heap before GC invocations=20 (full 0):
 garbage-first heap   total 119808K, used 104481K [0x0000000080000000, 0x0000000100000000)
  region size 1024K, 42 young (43008K), 7 survivors (7168K)
 Metaspace       used 70342K, committed 72064K, reserved 1114112K
  class space    used 9559K, committed 10432K, reserved 1048576K
}
Event: 6.654 GC heap after
{Heap after GC invocations=21 (full 0):
 garbage-first heap   total 119808K, used 71107K [0x0000000080000000, 0x0000000100000000)
  region size 1024K, 3 young (3072K), 3 survivors (3072K)
 Metaspace       used 70342K, committed 72064K, reserved 1114112K
  class space    used 9559K, committed 10432K, reserved 1048576K
}

Dll operation events (3 events):
Event: 0.008 Loaded shared library C:\Program Files\Android\Android Studio1\jbr\bin\java.dll
Event: 0.012 Loaded shared library C:\Program Files\Android\Android Studio1\jbr\bin\zip.dll
Event: 0.395 Loaded shared library C:\Program Files\Android\Android Studio1\jbr\bin\verify.dll

Deoptimization events (20 events):
Event: 6.493 Thread 0x0000027f9d1fd9f0 DEOPT PACKING pc=0x0000027f8ac0b258 sp=0x000000aae27f5a80
Event: 6.493 Thread 0x0000027f9d1fd9f0 DEOPT UNPACKING pc=0x0000027f8a6146a2 sp=0x000000aae27f5950 mode 2
Event: 6.494 Thread 0x0000027f9d1fd9f0 Uncommon trap: trap_request=0xffffffbe fr.pc=0x0000027f8ac0b258 relative=0x00000000000002f8
Event: 6.494 Thread 0x0000027f9d1fd9f0 Uncommon trap: reason=profile_predicate action=maybe_recompile pc=0x0000027f8ac0b258 method=sun.instrument.TransformerManager.transform(Ljava/lang/Module;Ljava/lang/ClassLoader;Ljava/lang/String;Ljava/lang/Class;Ljava/security/ProtectionDomain;[B)[B @ 21 
Event: 6.494 Thread 0x0000027f9d1fd9f0 DEOPT PACKING pc=0x0000027f8ac0b258 sp=0x000000aae27f4db0
Event: 6.494 Thread 0x0000027f9d1fd9f0 DEOPT UNPACKING pc=0x0000027f8a6146a2 sp=0x000000aae27f4c80 mode 2
Event: 6.494 Thread 0x0000027f9d1fd9f0 Uncommon trap: trap_request=0xffffffbe fr.pc=0x0000027f8ac0b258 relative=0x00000000000002f8
Event: 6.494 Thread 0x0000027f9d1fd9f0 Uncommon trap: reason=profile_predicate action=maybe_recompile pc=0x0000027f8ac0b258 method=sun.instrument.TransformerManager.transform(Ljava/lang/Module;Ljava/lang/ClassLoader;Ljava/lang/String;Ljava/lang/Class;Ljava/security/ProtectionDomain;[B)[B @ 21 
Event: 6.494 Thread 0x0000027f9d1fd9f0 DEOPT PACKING pc=0x0000027f8ac0b258 sp=0x000000aae27f4f40
Event: 6.494 Thread 0x0000027f9d1fd9f0 DEOPT UNPACKING pc=0x0000027f8a6146a2 sp=0x000000aae27f4e10 mode 2
Event: 6.538 Thread 0x0000027f9d1fd9f0 DEOPT PACKING pc=0x0000027f834d9e5e sp=0x000000aae27f6f10
Event: 6.538 Thread 0x0000027f9d1fd9f0 DEOPT UNPACKING pc=0x0000027f8a614e42 sp=0x000000aae27f63f8 mode 0
Event: 6.613 Thread 0x0000027f9d1fd9f0 Uncommon trap: trap_request=0xffffff45 fr.pc=0x0000027f8aca247c relative=0x0000000000001f7c
Event: 6.613 Thread 0x0000027f9d1fd9f0 Uncommon trap: reason=unstable_if action=reinterpret pc=0x0000027f8aca247c method=java.util.zip.InflaterInputStream.read([BII)I @ 94 c2
Event: 6.613 Thread 0x0000027f9d1fd9f0 DEOPT PACKING pc=0x0000027f8aca247c sp=0x000000aae27f5170
Event: 6.613 Thread 0x0000027f9d1fd9f0 DEOPT UNPACKING pc=0x0000027f8a6146a2 sp=0x000000aae27f51c0 mode 2
Event: 6.731 Thread 0x0000027f9d1fd9f0 Uncommon trap: trap_request=0xffffffde fr.pc=0x0000027f8ae820fc relative=0x00000000000051dc
Event: 6.731 Thread 0x0000027f9d1fd9f0 Uncommon trap: reason=class_check action=maybe_recompile pc=0x0000027f8ae820fc method=java.util.jar.JarFile.getManifestFromReference()Ljava/util/jar/Manifest; @ 152 c2
Event: 6.731 Thread 0x0000027f9d1fd9f0 DEOPT PACKING pc=0x0000027f8ae820fc sp=0x000000aae27f6860
Event: 6.731 Thread 0x0000027f9d1fd9f0 DEOPT UNPACKING pc=0x0000027f8a6146a2 sp=0x000000aae27f64f0 mode 2

Classes loaded (20 events):
Event: 6.344 Loading class sun/misc/SharedSecrets
Event: 6.344 Loading class sun/misc/SharedSecrets done
Event: 6.346 Loading class sun/invoke/util/ValueConversions$1
Event: 6.346 Loading class sun/invoke/util/ValueConversions$1 done
Event: 6.346 Loading class java/lang/invoke/BoundMethodHandle$Species_LI
Event: 6.346 Loading class java/lang/invoke/BoundMethodHandle$Species_LI done
Event: 6.599 Loading class java/lang/invoke/BoundMethodHandle$Species_LJ
Event: 6.599 Loading class java/lang/invoke/BoundMethodHandle$Species_LJ done
Event: 6.624 Loading class java/io/StringReader
Event: 6.624 Loading class java/io/StringReader done
Event: 6.647 Loading class java/util/concurrent/atomic/AtomicIntegerArray
Event: 6.647 Loading class java/util/concurrent/atomic/AtomicIntegerArray done
Event: 6.648 Loading class java/util/Currency
Event: 6.648 Loading class java/util/Currency done
Event: 6.662 Loading class java/util/concurrent/atomic/AtomicLongArray
Event: 6.662 Loading class java/util/concurrent/atomic/AtomicLongArray done
Event: 6.742 Loading class sun/text/resources/cldr/FormatData_en
Event: 6.742 Loading class sun/text/resources/cldr/FormatData_en done
Event: 6.743 Loading class sun/text/resources/cldr/FormatData_en_US
Event: 6.743 Loading class sun/text/resources/cldr/FormatData_en_US done

Classes unloaded (0 events):
No events

Classes redefined (0 events):
No events

Internal exceptions (20 events):
Event: 6.130 Thread 0x0000027f9d1fd9f0 Exception <a 'java/lang/NoSuchMethodError'{0x0000000084f15268}: 'void java.lang.invoke.DirectMethodHandle$Holder.invokeInterface(java.lang.Object, java.lang.Object, java.lang.Object, java.lang.Object)'> (0x0000000084f15268) 
thrown [s\src\hotspot\share\interpreter\linkResolver.cpp, line 784]
Event: 6.131 Thread 0x0000027f9d1fd9f0 Exception <a 'java/lang/NoSuchMethodError'{0x0000000084f38860}: 'long java.lang.invoke.DirectMethodHandle$Holder.invokeVirtual(java.lang.Object, java.lang.Object)'> (0x0000000084f38860) 
thrown [s\src\hotspot\share\interpreter\linkResolver.cpp, line 784]
Event: 6.133 Thread 0x0000027f9e02f530 Exception <a 'java/lang/NoSuchMethodError'{0x0000000084f94048}: static Lorg/gradle/internal/build/event/types/DefaultOperationFinishedProgressEvent;.<clinit>()V> (0x0000000084f94048) 
thrown [s\src\hotspot\share\prims\jni.cpp, line 1135]
Event: 6.135 Thread 0x0000027f9e02f530 Exception <a 'java/lang/NoSuchMethodError'{0x0000000084fbdc90}: static Lorg/gradle/internal/build/event/types/DefaultProjectConfigurationSuccessResult;.<clinit>()V> (0x0000000084fbdc90) 
thrown [s\src\hotspot\share\prims\jni.cpp, line 1135]
Event: 6.135 Thread 0x0000027f9e02f530 Exception <a 'java/lang/NoSuchMethodError'{0x0000000084fbf240}: static Lorg/gradle/internal/build/event/types/AbstractProjectConfigurationResult;.<clinit>()V> (0x0000000084fbf240) 
thrown [s\src\hotspot\share\prims\jni.cpp, line 1135]
Event: 6.135 Thread 0x0000027f9e02f530 Exception <a 'java/lang/NoSuchMethodError'{0x0000000084fc07e8}: static Lorg/gradle/internal/build/event/types/AbstractOperationResult;.<clinit>()V> (0x0000000084fc07e8) 
thrown [s\src\hotspot\share\prims\jni.cpp, line 1135]
Event: 6.135 Thread 0x0000027f9e02f530 Exception <a 'java/lang/NoSuchMethodError'{0x0000000084fc1c20}: static Lorg/gradle/internal/build/event/types/AbstractResult;.<clinit>()V> (0x0000000084fc1c20) 
thrown [s\src\hotspot\share\prims\jni.cpp, line 1135]
Event: 6.136 Thread 0x0000027f9e02f530 Exception <a 'java/lang/NoSuchMethodError'{0x0000000084fda558}: static Lorg/gradle/internal/build/event/types/DefaultPluginApplicationResult;.<clinit>()V> (0x0000000084fda558) 
thrown [s\src\hotspot\share\prims\jni.cpp, line 1135]
Event: 6.136 Thread 0x0000027f9e02f530 Exception <a 'java/lang/NoSuchMethodError'{0x0000000084fe6a30}: static Lorg/gradle/internal/build/event/types/DefaultBinaryPluginIdentifier;.<clinit>()V> (0x0000000084fe6a30) 
thrown [s\src\hotspot\share\prims\jni.cpp, line 1135]
Event: 6.137 Thread 0x0000027f9e02f530 Exception <a 'java/lang/NoSuchMethodError'{0x0000000084fffd98}: static Lorg/gradle/internal/build/event/types/DefaultScriptPluginIdentifier;.<clinit>()V> (0x0000000084fffd98) 
thrown [s\src\hotspot\share\prims\jni.cpp, line 1135]
Event: 6.171 Thread 0x0000027f9d1fd9f0 Implicit null exception at 0x0000027f8aecb25d to 0x0000027f8aecb70c
Event: 6.171 Thread 0x0000027f9d1fd9f0 Implicit null exception at 0x0000027f8aecdcbf to 0x0000027f8aece164
Event: 6.231 Thread 0x0000027f9d1fd9f0 Exception <a 'java/lang/NoSuchMethodError'{0x0000000084789d30}: 'void java.lang.invoke.Invokers$Holder.invoke_MT(java.lang.Object, java.lang.Object, java.lang.Object, java.lang.Object)'> (0x0000000084789d30) 
thrown [s\src\hotspot\share\interpreter\linkResolver.cpp, line 784]
Event: 6.237 Thread 0x0000027f9d1fd9f0 Exception <a 'java/lang/NoSuchMethodError'{0x0000000084602530}: 'java.lang.Object java.lang.invoke.DirectMethodHandle$Holder.invokeSpecial(java.lang.Object, java.lang.Object, java.lang.Object, int, java.lang.Object, java.lang.Object)'> (0x0000000084602530) 
thrown [s\src\hotspot\share\interpreter\linkResolver.cpp, line 784]
Event: 6.344 Thread 0x0000027f9d1fd9f0 Exception <a 'java/lang/ClassNotFoundException'{0x0000000083e6c000}: sun/misc/SharedSecrets> (0x0000000083e6c000) 
thrown [s\src\hotspot\share\classfile\systemDictionary.cpp, line 312]
Event: 6.344 Thread 0x0000027f9d1fd9f0 Exception <a 'java/lang/ClassNotFoundException'{0x0000000083e6d618}: org/gradle/api/internal/plugins/DefaultObjectConfigurationActionBeanInfo> (0x0000000083e6d618) 
thrown [s\src\hotspot\share\classfile\systemDictionary.cpp, line 312]
Event: 6.345 Thread 0x0000027f9d1fd9f0 Exception <a 'java/lang/ClassNotFoundException'{0x0000000083e80d50}: org/gradle/api/internal/plugins/DefaultObjectConfigurationActionCustomizer> (0x0000000083e80d50) 
thrown [s\src\hotspot\share\classfile\systemDictionary.cpp, line 312]
Event: 6.346 Thread 0x0000027f9d1fd9f0 Implicit null exception at 0x0000027f8acbf965 to 0x0000027f8acbfbf0
Event: 6.346 Thread 0x0000027f9d1fd9f0 Exception <a 'java/lang/NoSuchMethodError'{0x0000000083e8e4e8}: 'int java.lang.invoke.DirectMethodHandle$Holder.invokeSpecial(java.lang.Object, java.lang.Object, java.lang.Object, int)'> (0x0000000083e8e4e8) 
thrown [s\src\hotspot\share\interpreter\linkResolver.cpp, line 784]
Event: 6.347 Thread 0x0000027f9d1fd9f0 Exception <a 'java/lang/NoSuchMethodError'{0x0000000083e9f418}: 'java.lang.Object java.lang.invoke.DirectMethodHandle$Holder.invokeStatic(java.lang.Object, java.lang.Object, java.lang.Object, java.lang.Object, int)'> (0x0000000083e9f418) 
thrown [s\src\hotspot\share\interpreter\linkResolver.cpp, line 784]

ZGC Phase Switch (0 events):
No events

VM Operations (20 events):
Event: 5.877 Executing VM operation: G1CollectForAllocation (G1 Evacuation Pause)
Event: 5.882 Executing VM operation: G1CollectForAllocation (G1 Evacuation Pause) done
Event: 5.990 Executing VM operation: G1CollectForAllocation (G1 Evacuation Pause)
Event: 5.993 Executing VM operation: G1CollectForAllocation (G1 Evacuation Pause) done
Event: 6.064 Executing VM operation: G1CollectForAllocation (G1 Evacuation Pause)
Event: 6.067 Executing VM operation: G1CollectForAllocation (G1 Evacuation Pause) done
Event: 6.092 Executing VM operation: G1PauseRemark
Event: 6.095 Executing VM operation: G1PauseRemark done
Event: 6.106 Executing VM operation: G1PauseCleanup
Event: 6.106 Executing VM operation: G1PauseCleanup done
Event: 6.255 Executing VM operation: ICBufferFull
Event: 6.255 Executing VM operation: ICBufferFull done
Event: 6.259 Executing VM operation: HandshakeAllThreads (Deoptimize)
Event: 6.259 Executing VM operation: HandshakeAllThreads (Deoptimize) done
Event: 6.353 Executing VM operation: G1CollectForAllocation (G1 Evacuation Pause)
Event: 6.357 Executing VM operation: G1CollectForAllocation (G1 Evacuation Pause) done
Event: 6.652 Executing VM operation: G1CollectForAllocation (G1 Evacuation Pause)
Event: 6.654 Executing VM operation: G1CollectForAllocation (G1 Evacuation Pause) done
Event: 8.669 Executing VM operation: Cleanup
Event: 8.669 Executing VM operation: Cleanup done

Memory protections (0 events):
No events

Nmethod flushes (20 events):
Event: 6.094 Thread 0x0000027f979458e0 flushing  nmethod 0x0000027f8333c090
Event: 6.094 Thread 0x0000027f979458e0 flushing  nmethod 0x0000027f83429390
Event: 6.094 Thread 0x0000027f979458e0 flushing  nmethod 0x0000027f8342ab10
Event: 6.094 Thread 0x0000027f979458e0 flushing  nmethod 0x0000027f8342ea10
Event: 6.094 Thread 0x0000027f979458e0 flushing  nmethod 0x0000027f83436390
Event: 6.094 Thread 0x0000027f979458e0 flushing  nmethod 0x0000027f8349eb10
Event: 6.094 Thread 0x0000027f979458e0 flushing  nmethod 0x0000027f8350fe10
Event: 6.094 Thread 0x0000027f979458e0 flushing  nmethod 0x0000027f8357b290
Event: 6.094 Thread 0x0000027f979458e0 flushing  nmethod 0x0000027f8357c310
Event: 6.094 Thread 0x0000027f979458e0 flushing  nmethod 0x0000027f8357c790
Event: 6.094 Thread 0x0000027f979458e0 flushing  nmethod 0x0000027f8357cd10
Event: 6.094 Thread 0x0000027f979458e0 flushing  nmethod 0x0000027f8357d090
Event: 6.094 Thread 0x0000027f979458e0 flushing  nmethod 0x0000027f83586010
Event: 6.094 Thread 0x0000027f979458e0 flushing  nmethod 0x0000027f83586d10
Event: 6.094 Thread 0x0000027f979458e0 flushing  nmethod 0x0000027f836a5590
Event: 6.094 Thread 0x0000027f979458e0 flushing  nmethod 0x0000027f836a5f90
Event: 6.094 Thread 0x0000027f979458e0 flushing  nmethod 0x0000027f83706010
Event: 6.094 Thread 0x0000027f979458e0 flushing  nmethod 0x0000027f8371ef90
Event: 6.094 Thread 0x0000027f979458e0 flushing  nmethod 0x0000027f837b3510
Event: 6.094 Thread 0x0000027f979458e0 flushing  nmethod 0x0000027f837b4410

Events (20 events):
Event: 5.749 Thread 0x0000027f9d1fd9f0 Thread added: 0x0000027f9d279160
Event: 5.750 Thread 0x0000027f9d1fd9f0 Thread added: 0x0000027f9d277720
Event: 5.751 Thread 0x0000027f9d1fd9f0 Thread added: 0x0000027f9d277db0
Event: 5.752 Thread 0x0000027f9d1fd9f0 Thread added: 0x0000027f9d278ad0
Event: 5.753 Thread 0x0000027f9d1fd9f0 Thread added: 0x0000027f9d275ce0
Event: 5.755 Thread 0x0000027f9d1fd9f0 Thread added: 0x0000027f9d27cc70
Event: 5.757 Thread 0x0000027f9d1fd9f0 Thread added: 0x0000027f9d2797f0
Event: 5.758 Thread 0x0000027f9d1fd9f0 Thread added: 0x0000027f9d27b8c0
Event: 5.760 Thread 0x0000027f9d1fd9f0 Thread added: 0x0000027f9d27bf50
Event: 5.894 Thread 0x0000027f9d1fd9f0 Thread added: 0x0000027f9d27aba0
Event: 5.894 Thread 0x0000027f9d1fd9f0 Thread added: 0x0000027f9d27c5e0
Event: 5.894 Thread 0x0000027f9d1fd9f0 Thread added: 0x0000027f9d27b230
Event: 5.894 Thread 0x0000027f9d1fd9f0 Thread added: 0x0000027f9d27d300
Event: 5.895 Thread 0x0000027f9d1fd9f0 Thread added: 0x0000027f9d27a510
Event: 5.895 Thread 0x0000027f9d1fd9f0 Thread added: 0x0000027f9d279e80
Event: 5.895 Thread 0x0000027f9d1fd9f0 Thread added: 0x0000027f9e9f9fd0
Event: 5.895 Thread 0x0000027f9d1fd9f0 Thread added: 0x0000027f9e9f9940
Event: 5.896 Thread 0x0000027f9d1fd9f0 Thread added: 0x0000027f9e9fba10
Event: 5.896 Thread 0x0000027f9d1fd9f0 Thread added: 0x0000027f9e9f8c20
Event: 5.896 Thread 0x0000027f9d1fd9f0 Thread added: 0x0000027f9e9fc730


Dynamic libraries:
0x00007ff74fac0000 - 0x00007ff74faca000 	C:\Program Files\Android\Android Studio1\jbr\bin\java.exe
0x00007fff7ffa0000 - 0x00007fff80203000 	C:\WINDOWS\SYSTEM32\ntdll.dll
0x00007fff7f180000 - 0x00007fff7f247000 	C:\WINDOWS\System32\KERNEL32.DLL
0x00007fff7d670000 - 0x00007fff7da39000 	C:\WINDOWS\System32\KERNELBASE.dll
0x00007fff7dbb0000 - 0x00007fff7dcfc000 	C:\WINDOWS\System32\ucrtbase.dll
0x00007fff72540000 - 0x00007fff72558000 	C:\Program Files\Android\Android Studio1\jbr\bin\jli.dll
0x00007fff62710000 - 0x00007fff6272b000 	C:\Program Files\Android\Android Studio1\jbr\bin\VCRUNTIME140.dll
0x00007fff7e590000 - 0x00007fff7e75a000 	C:\WINDOWS\System32\USER32.dll
0x00007fff7d2b0000 - 0x00007fff7d2d7000 	C:\WINDOWS\System32\win32u.dll
0x00007fff69680000 - 0x00007fff69910000 	C:\WINDOWS\WinSxS\amd64_microsoft.windows.common-controls_6595b64144ccf1df_6.0.26100.3323_none_3e088096e3344490\COMCTL32.dll
0x00007fff7e9c0000 - 0x00007fff7e9ea000 	C:\WINDOWS\System32\GDI32.dll
0x00007fff7e4e0000 - 0x00007fff7e589000 	C:\WINDOWS\System32\msvcrt.dll
0x00007fff7d170000 - 0x00007fff7d2a1000 	C:\WINDOWS\System32\gdi32full.dll
0x00007fff7d440000 - 0x00007fff7d4e3000 	C:\WINDOWS\System32\msvcp_win.dll
0x00007fff7eff0000 - 0x00007fff7f01f000 	C:\WINDOWS\System32\IMM32.DLL
0x00007fff79fb0000 - 0x00007fff79fbc000 	C:\Program Files\Android\Android Studio1\jbr\bin\vcruntime140_1.dll
0x00007fff5e1f0000 - 0x00007fff5e27d000 	C:\Program Files\Android\Android Studio1\jbr\bin\msvcp140.dll
0x00007fff304e0000 - 0x00007fff3116a000 	C:\Program Files\Android\Android Studio1\jbr\bin\server\jvm.dll
0x00007fff7ee80000 - 0x00007fff7ef32000 	C:\WINDOWS\System32\ADVAPI32.dll
0x00007fff7e910000 - 0x00007fff7e9b6000 	C:\WINDOWS\System32\sechost.dll
0x00007fff7f9a0000 - 0x00007fff7fab6000 	C:\WINDOWS\System32\RPCRT4.dll
0x00007fff7fd20000 - 0x00007fff7fd94000 	C:\WINDOWS\System32\WS2_32.dll
0x00007fff7d000000 - 0x00007fff7d04e000 	C:\WINDOWS\SYSTEM32\POWRPROF.dll
0x00007fff76c60000 - 0x00007fff76c96000 	C:\WINDOWS\SYSTEM32\WINMM.dll
0x00007fff76ca0000 - 0x00007fff76cab000 	C:\WINDOWS\SYSTEM32\VERSION.dll
0x00007fff7cfe0000 - 0x00007fff7cff4000 	C:\WINDOWS\SYSTEM32\UMPDC.dll
0x00007fff7bf90000 - 0x00007fff7bfaa000 	C:\WINDOWS\SYSTEM32\kernel.appcore.dll
0x00007fff734e0000 - 0x00007fff734ea000 	C:\Program Files\Android\Android Studio1\jbr\bin\jimage.dll
0x00007fff713b0000 - 0x00007fff715f1000 	C:\WINDOWS\SYSTEM32\DBGHELP.DLL
0x00007fff7f530000 - 0x00007fff7f8b2000 	C:\WINDOWS\System32\combase.dll
0x00007fff7f8c0000 - 0x00007fff7f996000 	C:\WINDOWS\System32\OLEAUT32.dll
0x00007fff6f1c0000 - 0x00007fff6f1f9000 	C:\WINDOWS\SYSTEM32\dbgcore.DLL
0x00007fff7d3a0000 - 0x00007fff7d439000 	C:\WINDOWS\System32\bcryptPrimitives.dll
0x00007fff727c0000 - 0x00007fff727ce000 	C:\Program Files\Android\Android Studio1\jbr\bin\instrument.dll
0x00007fff61550000 - 0x00007fff61570000 	C:\Program Files\Android\Android Studio1\jbr\bin\java.dll
0x00007fff5e7a0000 - 0x00007fff5e7b8000 	C:\Program Files\Android\Android Studio1\jbr\bin\zip.dll
0x00007fff7dd90000 - 0x00007fff7e4a5000 	C:\WINDOWS\System32\SHELL32.dll
0x00007fff7da40000 - 0x00007fff7dba8000 	C:\WINDOWS\System32\wintypes.dll
0x00007fff7ae70000 - 0x00007fff7b6b5000 	C:\WINDOWS\SYSTEM32\windows.storage.dll
0x00007fff7f030000 - 0x00007fff7f11b000 	C:\WINDOWS\System32\SHCORE.dll
0x00007fff7f120000 - 0x00007fff7f17d000 	C:\WINDOWS\System32\shlwapi.dll
0x00007fff7d080000 - 0x00007fff7d0af000 	C:\WINDOWS\SYSTEM32\profapi.dll
0x00007fff72ca0000 - 0x00007fff72cb0000 	C:\Program Files\Android\Android Studio1\jbr\bin\net.dll
0x00007fff73e50000 - 0x00007fff73f6e000 	C:\WINDOWS\SYSTEM32\WINHTTP.dll
0x00007fff7c4b0000 - 0x00007fff7c51a000 	C:\WINDOWS\system32\mswsock.dll
0x00007fff5d070000 - 0x00007fff5d086000 	C:\Program Files\Android\Android Studio1\jbr\bin\nio.dll
0x00007fff727d0000 - 0x00007fff727e0000 	C:\Program Files\Android\Android Studio1\jbr\bin\verify.dll
0x00007fff70c80000 - 0x00007fff70ca7000 	C:\Users\Bikmacs\.gradle\native\c067742578af261105cb4f569cf0c3c89f3d7b1fecec35dd04571415982c5e48\windows-amd64\native-platform.dll
0x00007fff3e580000 - 0x00007fff3e6c4000 	C:\Users\Bikmacs\.gradle\native\100fb08df4bc3b14c8652ba06237920a3bd2aa13389f12d3474272988ae205f9\windows-amd64\native-platform-file-events.dll
0x00007fff70690000 - 0x00007fff70699000 	C:\Program Files\Android\Android Studio1\jbr\bin\management.dll
0x00007fff6f220000 - 0x00007fff6f22b000 	C:\Program Files\Android\Android Studio1\jbr\bin\management_ext.dll
0x00007fff7fe20000 - 0x00007fff7fe28000 	C:\WINDOWS\System32\PSAPI.DLL
0x00007fff7c750000 - 0x00007fff7c76c000 	C:\WINDOWS\SYSTEM32\CRYPTSP.dll
0x00007fff7bef0000 - 0x00007fff7bf2a000 	C:\WINDOWS\system32\rsaenh.dll
0x00007fff7c550000 - 0x00007fff7c57b000 	C:\WINDOWS\SYSTEM32\USERENV.dll
0x00007fff7c990000 - 0x00007fff7c9b6000 	C:\WINDOWS\SYSTEM32\bcrypt.dll
0x00007fff7c770000 - 0x00007fff7c77c000 	C:\WINDOWS\SYSTEM32\CRYPTBASE.dll
0x00007fff7ba80000 - 0x00007fff7bab3000 	C:\WINDOWS\SYSTEM32\IPHLPAPI.DLL
0x00007fff7efd0000 - 0x00007fff7efda000 	C:\WINDOWS\System32\NSI.dll
0x00007fff706c0000 - 0x00007fff706c9000 	C:\Program Files\Android\Android Studio1\jbr\bin\extnet.dll
0x00007fff70810000 - 0x00007fff70818000 	C:\WINDOWS\system32\wshunix.dll

dbghelp: loaded successfully - version: 4.0.5 - missing functions: none
symbol engine: initialized successfully - sym options: 0x614 - pdb path: .;C:\Program Files\Android\Android Studio1\jbr\bin;C:\WINDOWS\SYSTEM32;C:\WINDOWS\WinSxS\amd64_microsoft.windows.common-controls_6595b64144ccf1df_6.0.26100.3323_none_3e088096e3344490;C:\Program Files\Android\Android Studio1\jbr\bin\server;C:\Users\Bikmacs\.gradle\native\c067742578af261105cb4f569cf0c3c89f3d7b1fecec35dd04571415982c5e48\windows-amd64;C:\Users\Bikmacs\.gradle\native\100fb08df4bc3b14c8652ba06237920a3bd2aa13389f12d3474272988ae205f9\windows-amd64

VM Arguments:
jvm_args: --add-opens=java.base/java.util=ALL-UNNAMED --add-opens=java.base/java.lang=ALL-UNNAMED --add-opens=java.base/java.lang.invoke=ALL-UNNAMED --add-opens=java.prefs/java.util.prefs=ALL-UNNAMED --add-exports=jdk.compiler/com.sun.tools.javac.api=ALL-UNNAMED --add-exports=jdk.compiler/com.sun.tools.javac.util=ALL-UNNAMED --add-opens=java.base/java.nio.charset=ALL-UNNAMED --add-opens=java.base/java.net=ALL-UNNAMED --add-opens=java.base/java.util.concurrent.atomic=ALL-UNNAMED -Xmx2048m -Dfile.encoding=UTF-8 -Duser.country=RU -Duser.language=ru -Duser.variant -javaagent:C:\Users\Bikmacs\.gradle\wrapper\dists\gradle-8.10.2-bin\a04bxjujx95o3nb99gddekhwo\gradle-8.10.2\lib\agents\gradle-instrumentation-agent-8.10.2.jar 
java_command: org.gradle.launcher.daemon.bootstrap.GradleDaemon 8.10.2
java_class_path (initial): C:\Users\Bikmacs\.gradle\wrapper\dists\gradle-8.10.2-bin\a04bxjujx95o3nb99gddekhwo\gradle-8.10.2\lib\gradle-daemon-main-8.10.2.jar
Launcher Type: SUN_STANDARD

[Global flags]
     intx CICompilerCount                          = 4                                         {product} {ergonomic}
     uint ConcGCThreads                            = 3                                         {product} {ergonomic}
     uint G1ConcRefinementThreads                  = 10                                        {product} {ergonomic}
   size_t G1HeapRegionSize                         = 1048576                                   {product} {ergonomic}
    uintx GCDrainStackTargetSize                   = 64                                        {product} {ergonomic}
   size_t InitialHeapSize                          = 260046848                                 {product} {ergonomic}
   size_t MarkStackSize                            = 4194304                                   {product} {ergonomic}
   size_t MaxHeapSize                              = 2147483648                                {product} {command line}
   size_t MaxNewSize                               = 1287651328                                {product} {ergonomic}
   size_t MinHeapDeltaBytes                        = 1048576                                   {product} {ergonomic}
   size_t MinHeapSize                              = 8388608                                   {product} {ergonomic}
    uintx NonNMethodCodeHeapSize                   = 5839372                                {pd product} {ergonomic}
    uintx NonProfiledCodeHeapSize                  = 122909434                              {pd product} {ergonomic}
    uintx ProfiledCodeHeapSize                     = 122909434                              {pd product} {ergonomic}
    uintx ReservedCodeCacheSize                    = 251658240                              {pd product} {ergonomic}
     bool SegmentedCodeCache                       = true                                      {product} {ergonomic}
   size_t SoftMaxHeapSize                          = 2147483648                             {manageable} {ergonomic}
     bool UseCompressedOops                        = true                           {product lp64_product} {ergonomic}
     bool UseG1GC                                  = true                                      {product} {ergonomic}
     bool UseLargePagesIndividualAllocation        = false                                  {pd product} {ergonomic}

Logging:
Log output configuration:
 #0: stdout all=warning uptime,level,tags foldmultilines=false
 #1: stderr all=off uptime,level,tags foldmultilines=false

Environment Variables:
JAVA_HOME=C:\Program Files (x86)\Android\openjdk\jdk-17.0.12
PATH=C:\WINDOWS\system32;C:\WINDOWS;C:\WINDOWS\System32\Wbem;C:\WINDOWS\System32\WindowsPowerShell\v1.0\;C:\WINDOWS\System32\OpenSSH\;C:\Program Files\Microsoft SQL Server\150\Tools\Binn\;C:\Program Files\Microsoft SQL Server\Client SDK\ODBC\170\Tools\Binn\;C:\Program Files (x86)\Microsoft SQL Server\160\Tools\Binn\;C:\Program Files\Microsoft SQL Server\160\Tools\Binn\;C:\Program Files\Microsoft SQL Server\160\DTS\Binn\;C:\Program Files (x86)\Windows Kits\10\Windows Performance Toolkit\;C:\Program Files\PowerShell\7\;C:\Program Files\Git\cmd;C:\Program Files (x86)\Microsoft SQL Server\160\DTS\Binn\;C:\Program Files\dotnet\;C:\Users\Bikmacs\AppData\Local\Microsoft\WindowsApps;C:\Users\Bikmacs\AppData\Local\Programs\Microsoft VS Code\bin;C:\php;C:\Users\Bikmacs\.dotnet\tools
USERNAME=Bikmacs
OS=Windows_NT
PROCESSOR_IDENTIFIER=AMD64 Family 25 Model 80 Stepping 0, AuthenticAMD
TMP=C:\Users\Bikmacs\AppData\Local\Temp
TEMP=C:\Users\Bikmacs\AppData\Local\Temp




Periodic native trim disabled

JNI global refs:
JNI global refs: 28, weak refs: 1

JNI global refs memory usage: 835, weak refs: 833

Process memory usage:
Resident Set Size: 348424K (2% of 16153072K total physical memory with 1637232K free physical memory)

OOME stack traces (most recent first):
Classloader memory used:
Loader org.gradle.internal.classloader.VisitableURLClassLoader                         : 34198K
Loader bootstrap                                                                       : 23071K
Loader org.gradle.initialization.MixInLegacyTypesClassLoader                           : 9508K
Loader org.gradle.internal.classloader.VisitableURLClassLoader$InstrumentingVisitableURLClassLoader: 3482K
Loader jdk.internal.loader.ClassLoaders$PlatformClassLoader                            : 531K
Loader jdk.internal.loader.ClassLoaders$AppClassLoader                                 : 234K
Loader org.gradle.internal.classloader.VisitableURLClassLoader                         : 177K
Loader jdk.internal.reflect.DelegatingClassLoader                                      : 130K

Classes loaded by more than one classloader:
Class Program                                                                         : loaded 4 times (x 70B)
Class org.gradle.internal.classloader.FilteringClassLoader                            : loaded 2 times (x 101B)
Class [Lcom.google.common.base.AbstractIterator$State;                                : loaded 2 times (x 65B)
Class com.google.common.base.CharMatcher$IsEither                                     : loaded 2 times (x 107B)
Class org.gradle.internal.classloader.ClassLoaderHierarchy                            : loaded 2 times (x 66B)
Class com.google.common.collect.ImmutableList$1                                       : loaded 2 times (x 93B)
Class org.gradle.api.internal.classpath.ManifestUtil                                  : loaded 2 times (x 67B)
Class com.google.common.collect.RegularImmutableMap                                   : loaded 2 times (x 117B)
Class com.google.common.collect.ImmutableMap$MapViewOfValuesAsSingletonSets           : loaded 2 times (x 121B)
Class com.google.common.collect.UnmodifiableListIterator                              : loaded 2 times (x 91B)
Class org.gradle.internal.classloader.DefaultClassLoaderFactory                       : loaded 2 times (x 78B)
Class com.google.common.base.CharMatcher$None                                         : loaded 2 times (x 108B)
Class org.gradle.internal.classloader.ClassLoaderVisitor                              : loaded 2 times (x 72B)
Class [Lcom.google.common.collect.ImmutableMapEntry;                                  : loaded 2 times (x 65B)
Class org.gradle.api.internal.classpath.EffectiveClassPath                            : loaded 2 times (x 86B)
Class com.google.common.collect.ImmutableEnumMap                                      : loaded 2 times (x 121B)
Class com.google.common.collect.ListMultimap                                          : loaded 2 times (x 66B)
Class com.google.common.base.Splitter                                                 : loaded 2 times (x 68B)
Class org.gradle.api.internal.DefaultClassPathProvider                                : loaded 2 times (x 72B)
Class [Lorg.gradle.api.internal.ClassPathProvider;                                    : loaded 2 times (x 65B)
Class org.gradle.api.internal.ClassPathProvider                                       : loaded 2 times (x 66B)
Class com.google.common.base.AbstractIterator$State                                   : loaded 2 times (x 75B)
Class org.gradle.internal.service.UnknownServiceException                             : loaded 2 times (x 79B)
Class com.google.common.collect.MapDifference                                         : loaded 2 times (x 66B)
Class com.google.common.base.Splitter$1                                               : loaded 2 times (x 73B)
Class org.gradle.internal.classpath.TransformedClassPath                              : loaded 2 times (x 92B)
Class org.gradle.internal.classloader.InstrumentingClassLoader                        : loaded 2 times (x 66B)
Class com.google.common.collect.Iterators$ArrayItr                                    : loaded 2 times (x 93B)
Class com.google.common.collect.ImmutableCollection$Builder                           : loaded 2 times (x 72B)
Class com.google.common.collect.Platform                                              : loaded 2 times (x 67B)
Class com.google.common.collect.UnmodifiableIterator                                  : loaded 2 times (x 76B)
Class org.gradle.internal.service.ServiceLocator                                      : loaded 2 times (x 66B)
Class com.google.common.collect.AbstractMapEntry                                      : loaded 2 times (x 77B)
Class com.google.common.collect.AbstractMultimap                                      : loaded 2 times (x 119B)
Class com.google.common.collect.RegularImmutableAsList                                : loaded 2 times (x 212B)
Class com.google.common.collect.Iterators                                             : loaded 2 times (x 67B)
Class com.google.common.base.CharMatcher$RangesMatcher                                : loaded 2 times (x 108B)
Class com.google.common.collect.Lists$StringAsImmutableList                           : loaded 2 times (x 203B)
Class org.gradle.kotlin.dsl.VersionCatalogAccessorsKt                                 : loaded 2 times (x 67B)
Class com.google.common.base.CharMatcher$JavaLetterOrDigit                            : loaded 2 times (x 107B)
Class org.gradle.internal.InternalTransformer                                         : loaded 2 times (x 66B)
Class com.google.common.base.CharMatcher$And                                          : loaded 2 times (x 108B)
Class org.gradle.internal.classloader.ClasspathUtil$1                                 : loaded 2 times (x 72B)
Class com.google.common.collect.IndexedImmutableSet                                   : loaded 2 times (x 146B)
Class com.google.common.collect.ImmutableMap$1                                        : loaded 2 times (x 77B)
Class com.google.common.collect.BiMap                                                 : loaded 2 times (x 66B)
Class org.gradle.api.internal.classpath.DefaultModuleRegistry$DefaultModule           : loaded 2 times (x 82B)
Class com.google.common.collect.AbstractIterator                                      : loaded 2 times (x 78B)
Class com.google.common.math.MathPreconditions                                        : loaded 2 times (x 67B)
Class com.google.common.collect.Multiset                                              : loaded 2 times (x 66B)
Class com.google.common.collect.ArrayListMultimapGwtSerializationDependencies         : loaded 2 times (x 168B)
Class com.google.common.collect.ObjectArrays                                          : loaded 2 times (x 67B)
Class com.google.common.collect.AbstractIndexedListIterator                           : loaded 2 times (x 92B)
Class com.google.common.collect.ImmutableMapEntrySet                                  : loaded 2 times (x 147B)
Class org.gradle.api.internal.classpath.Module                                        : loaded 2 times (x 66B)
Class org.gradle.api.internal.classpath.UnknownModuleException                        : loaded 2 times (x 78B)
Class com.google.common.collect.ImmutableMap$Builder                                  : loaded 2 times (x 78B)
Class com.google.common.base.NullnessCasts                                            : loaded 2 times (x 67B)
Class org.gradle.api.internal.DefaultClassPathRegistry                                : loaded 2 times (x 72B)
Class com.google.common.collect.Multimap                                              : loaded 2 times (x 66B)
Class org.gradle.api.internal.ClassPathRegistry                                       : loaded 2 times (x 66B)
Class org.gradle.internal.classpath.DefaultClassPath$ImmutableUniqueList              : loaded 2 times (x 195B)
Class com.google.common.collect.SingletonImmutableList                                : loaded 2 times (x 203B)
Class com.google.common.collect.RegularImmutableMap$KeySet                            : loaded 2 times (x 146B)
Class Settings_gradle$1                                                               : loaded 2 times (x 70B)
Class org.gradle.internal.classpath.ClassPath                                         : loaded 2 times (x 66B)
Class org.gradle.api.UncheckedIOException                                             : loaded 2 times (x 78B)
Class com.google.common.collect.ImmutableList$ReverseImmutableList                    : loaded 2 times (x 204B)
Class com.google.common.base.JdkPattern                                               : loaded 2 times (x 71B)
Class com.google.common.collect.Iterators$1                                           : loaded 2 times (x 77B)
Class com.google.common.collect.SingletonImmutableSet                                 : loaded 2 times (x 142B)
Class com.google.common.collect.ImmutableMap$IteratorBasedImmutableMap                : loaded 2 times (x 121B)
Class com.google.common.collect.Iterators$4                                           : loaded 2 times (x 78B)
Class com.google.common.collect.ImmutableBiMap                                        : loaded 2 times (x 139B)
Class com.google.common.collect.AbstractListMultimap                                  : loaded 2 times (x 168B)
Class org.gradle.internal.installation.GradleInstallation$1                           : loaded 2 times (x 71B)
Class org.gradle.api.internal.classpath.ModuleRegistry                                : loaded 2 times (x 66B)
Class com.google.common.collect.Iterators$5                                           : loaded 2 times (x 78B)
Class com.google.common.collect.ImmutableSet$JdkBackedSetBuilderImpl                  : loaded 2 times (x 72B)
Class com.google.common.base.Splitter$SplittingIterator                               : loaded 2 times (x 80B)
Class com.google.common.base.CharMatcher$ForPredicate                                 : loaded 2 times (x 108B)
Class com.google.common.collect.ImmutableCollection                                   : loaded 2 times (x 121B)
Class com.google.common.base.CharMatcher$AnyOf                                        : loaded 2 times (x 108B)
Class org.gradle.api.internal.classpath.DefaultModuleRegistry                         : loaded 2 times (x 82B)
Class com.google.common.collect.ImmutableSet$CachingAsList                            : loaded 2 times (x 143B)
Class com.google.common.base.Converter                                                : loaded 2 times (x 86B)
Class com.google.common.collect.Lists                                                 : loaded 2 times (x 67B)
Class com.google.common.base.CharMatcher$Any                                          : loaded 2 times (x 108B)
Class com.google.common.collect.Iterators$9                                           : loaded 2 times (x 77B)
Class com.google.common.collect.AbstractMapBasedMultimap                              : loaded 2 times (x 135B)
Class com.google.common.collect.ImmutableAsList                                       : loaded 2 times (x 205B)
Class com.google.common.collect.Maps$EntryTransformer                                 : loaded 2 times (x 66B)
Class org.gradle.internal.service.ServiceLookupException                              : loaded 2 times (x 78B)
Class com.google.common.base.CharMatcher$JavaLetter                                   : loaded 2 times (x 107B)
Class org.gradle.internal.classloader.ClassLoaderFactory                              : loaded 2 times (x 66B)
Class com.google.common.base.CharMatcher$IsNot                                        : loaded 2 times (x 107B)
Class com.google.common.base.CommonPattern                                            : loaded 2 times (x 70B)
Class org.gradle.internal.service.CachingServiceLocator                               : loaded 2 times (x 78B)
Class com.google.common.math.IntMath                                                  : loaded 2 times (x 67B)
Class com.google.common.collect.Iterators$10                                          : loaded 2 times (x 77B)
Class com.google.common.collect.ImmutableMapEntry                                     : loaded 2 times (x 81B)
Class com.google.common.base.CharMatcher$JavaDigit                                    : loaded 2 times (x 107B)
Class com.google.common.collect.ImmutableMapEntry$NonTerminalImmutableMapEntry        : loaded 2 times (x 81B)
Class com.google.common.base.Function                                                 : loaded 2 times (x 66B)
Class com.google.common.collect.RegularImmutableList                                  : loaded 2 times (x 208B)
Class com.google.common.collect.ImmutableBiMapFauxverideShim                          : loaded 2 times (x 116B)
Class org.gradle.internal.classloader.ClasspathUtil                                   : loaded 2 times (x 67B)
Class com.google.common.collect.Maps                                                  : loaded 2 times (x 67B)
Class com.google.common.base.CharMatcher$JavaUpperCase                                : loaded 2 times (x 107B)
Class org.gradle.api.specs.Spec                                                       : loaded 2 times (x 66B)
Class [Lcom.google.common.collect.ImmutableEntry;                                     : loaded 2 times (x 65B)
Class Build_gradle$1                                                                  : loaded 2 times (x 74B)
Class com.google.common.collect.Maps$8                                                : loaded 2 times (x 78B)
Class com.google.common.base.CharMatcher$Invisible                                    : loaded 2 times (x 108B)
Class org.gradle.internal.classloader.VisitableURLClassLoader$InstrumentingVisitableURLClassLoader: loaded 2 times (x 119B)
Class com.google.common.math.IntMath$1                                                : loaded 2 times (x 67B)
Class org.gradle.internal.classloader.VisitableURLClassLoader$Spec                    : loaded 2 times (x 70B)
Class org.gradle.internal.classpath.DefaultClassPath                                  : loaded 2 times (x 86B)
Class com.google.common.base.AbstractIterator                                         : loaded 2 times (x 76B)
Class com.google.common.collect.RegularImmutableMap$Values                            : loaded 2 times (x 203B)
Class com.google.common.collect.ImmutableSet                                          : loaded 2 times (x 141B)
Class com.google.common.base.CharMatcher$BitSetMatcher                                : loaded 2 times (x 108B)
Class com.google.common.base.CharMatcher$Ascii                                        : loaded 2 times (x 108B)
Class org.gradle.internal.classloader.ClassLoaderSpec                                 : loaded 2 times (x 67B)
Class com.google.common.base.CharMatcher$Or                                           : loaded 2 times (x 108B)
Class Settings_gradle$1$1                                                             : loaded 2 times (x 70B)
Class org.gradle.internal.classloader.VisitableURLClassLoader                         : loaded 2 times (x 113B)
Class Settings_gradle                                                                 : loaded 2 times (x 124B)
Class org.gradle.internal.Cast                                                        : loaded 2 times (x 67B)
Class org.gradle.api.Action                                                           : loaded 2 times (x 66B)
Class com.google.common.base.CharMatcher$FastMatcher                                  : loaded 2 times (x 107B)
Class com.google.common.collect.ImmutableMap                                          : loaded 2 times (x 116B)
Class com.google.common.base.Predicate                                                : loaded 2 times (x 66B)
Class org.gradle.internal.classpath.DefaultClassPath$ImmutableUniqueList$Builder      : loaded 2 times (x 71B)
Class com.google.common.base.CharMatcher$NegatedFastMatcher                           : loaded 2 times (x 109B)
Class [Lcom.google.common.collect.AbstractMapEntry;                                   : loaded 2 times (x 65B)
Class com.google.common.collect.ImmutableEntry                                        : loaded 2 times (x 78B)
Class com.google.common.collect.ArrayListMultimap                                     : loaded 2 times (x 168B)
Class com.google.common.base.AbstractIterator$1                                       : loaded 2 times (x 67B)
Class com.google.common.base.CharMatcher$Digit                                        : loaded 2 times (x 108B)
Class org.gradle.api.GradleException                                                  : loaded 2 times (x 78B)
Class com.google.common.collect.CollectPreconditions                                  : loaded 2 times (x 67B)
Class com.google.common.base.CharMatcher$JavaIsoControl                               : loaded 2 times (x 108B)
Class com.google.common.collect.SortedMapDifference                                   : loaded 2 times (x 66B)
Class com.google.common.base.CharMatcher$JavaLowerCase                                : loaded 2 times (x 107B)
Class com.google.common.base.Splitter$1$1                                             : loaded 2 times (x 82B)
Class com.google.common.base.CharMatcher$Whitespace                                   : loaded 2 times (x 108B)
Class org.gradle.internal.IoActions                                                   : loaded 2 times (x 67B)
Class com.google.common.collect.ImmutableSet$RegularSetBuilderImpl                    : loaded 2 times (x 73B)
Class com.google.common.base.CharMatcher$SingleWidth                                  : loaded 2 times (x 108B)
Class org.gradle.internal.classloader.SystemClassLoaderSpec                           : loaded 2 times (x 67B)
Class com.google.common.collect.RegularImmutableMap$BucketOverflowException           : loaded 2 times (x 78B)
Class com.google.common.base.CharMatcher$Negated                                      : loaded 2 times (x 109B)
Class com.google.common.base.CharMatcher$Is                                           : loaded 2 times (x 107B)
Class com.google.common.collect.Hashing                                               : loaded 2 times (x 67B)
Class com.google.common.base.Preconditions                                            : loaded 2 times (x 67B)
Class com.google.common.collect.PeekingIterator                                       : loaded 2 times (x 66B)
Class com.google.common.base.CharMatcher                                              : loaded 2 times (x 107B)
Class com.google.common.base.CharMatcher$1                                            : loaded 2 times (x 109B)
Class com.google.common.base.CharMatcher$NamedFastMatcher                             : loaded 2 times (x 108B)
Class org.gradle.api.internal.classpath.GlobalCacheRootsProvider                      : loaded 2 times (x 66B)
Class com.google.common.collect.ImmutableMapEntrySet$RegularEntrySet                  : loaded 2 times (x 147B)
Class com.google.common.collect.Maps$BiMapConverter                                   : loaded 2 times (x 86B)
Class com.google.common.collect.ImmutableSet$Builder                                  : loaded 2 times (x 81B)
Class com.google.common.base.CharMatcher$InRange                                      : loaded 2 times (x 107B)
Class Build_gradle                                                                    : loaded 2 times (x 68B)
Class org.gradle.internal.installation.CurrentGradleInstallationLocator               : loaded 2 times (x 67B)
Class com.google.common.collect.ImmutableSet$EmptySetBuilderImpl                      : loaded 2 times (x 72B)
Class com.google.common.collect.ImmutableList                                         : loaded 2 times (x 202B)
Class org.gradle.internal.service.DefaultServiceLocator                               : loaded 2 times (x 79B)
Class com.google.common.collect.ImmutableSet$SetBuilderImpl                           : loaded 2 times (x 72B)
Class org.gradle.internal.installation.CurrentGradleInstallation                      : loaded 2 times (x 69B)
Class com.google.common.collect.ImmutableList$SubList                                 : loaded 2 times (x 204B)
Class org.gradle.util.internal.GUtil                                                  : loaded 2 times (x 67B)
Class com.google.common.collect.Iterators$MergingIterator                             : loaded 2 times (x 77B)
Class com.google.common.collect.RegularImmutableSet                                   : loaded 2 times (x 144B)
Class org.gradle.internal.installation.GradleInstallation                             : loaded 2 times (x 71B)
Class com.google.common.collect.Iterables                                             : loaded 2 times (x 67B)
Class com.google.common.base.Splitter$Strategy                                        : loaded 2 times (x 66B)

---------------  S Y S T E M  ---------------

OS:
 Windows 11 , 64 bit Build 26100 (10.0.26100.3323)
OS uptime: 1 days 1:38 hours

CPU: total 12 (initial active 12) (12 cores per cpu, 2 threads per core) family 25 model 80 stepping 0 microcode 0xa50000d, cx8, cmov, fxsr, ht, mmx, 3dnowpref, sse, sse2, sse3, ssse3, sse4a, sse4.1, sse4.2, popcnt, lzcnt, tsc, tscinvbit, avx, avx2, aes, erms, clmul, bmi1, bmi2, adx, sha, fma, vzeroupper, clflush, clflushopt, rdtscp, rdpid, fsrm, f16c, pku, cet_ss
Processor Information for processor 0
  Max Mhz: 3301, Current Mhz: 3301, Mhz Limit: 3301
Processor Information for processor 1
  Max Mhz: 3301, Current Mhz: 2011, Mhz Limit: 3301
Processor Information for processor 2
  Max Mhz: 3301, Current Mhz: 2011, Mhz Limit: 3301
Processor Information for processor 3
  Max Mhz: 3301, Current Mhz: 2011, Mhz Limit: 3301
Processor Information for processor 4
  Max Mhz: 3301, Current Mhz: 3301, Mhz Limit: 3301
Processor Information for processor 5
  Max Mhz: 3301, Current Mhz: 2011, Mhz Limit: 3301
Processor Information for processor 6
  Max Mhz: 3301, Current Mhz: 2011, Mhz Limit: 3301
Processor Information for processor 7
  Max Mhz: 3301, Current Mhz: 2011, Mhz Limit: 3301
Processor Information for processor 8
  Max Mhz: 3301, Current Mhz: 2011, Mhz Limit: 3301
Processor Information for processor 9
  Max Mhz: 3301, Current Mhz: 2011, Mhz Limit: 3301
Processor Information for processor 10
  Max Mhz: 3301, Current Mhz: 2011, Mhz Limit: 3301
Processor Information for processor 11
  Max Mhz: 3301, Current Mhz: 2011, Mhz Limit: 3301

Memory: 4k page, system-wide physical 15774M (1588M free)
TotalPageFile size 22774M (AvailPageFile size 3M)
current process WorkingSet (physical memory assigned to process): 341M, peak: 341M
current process commit charge ("private bytes"): 379M, peak: 396M

vm_info: OpenJDK 64-Bit Server VM (21.0.5+-12932927-b750.29) for windows-amd64 JRE (21.0.5+-12932927-b750.29), built on 2025-01-17T02:01:10Z by "builder" with MS VC++ 16.10 / 16.11 (VS2019)

END.
